2023-03-28 09:40:52,176 [Worker-8: Loading available Gradle versions] INFO  o.e.b.c.i.u.g.PublishedGradleVersions - Gradle version information cache is up-to-date. Trying to read.
2023-03-28 09:41:26,951 [Worker-10: Building] INFO  o.e.m.c.i.l.LifecycleMappingFactory - Using org.maven.ide.eclipse.wtp.WarLifecycleMapping lifecycle mapping for MavenProject: WebChiaSeHinhAnh:WebChiaSeHinhAnh:0.0.1-SNAPSHOT @ D:\Tai lieu hoc ki 2 nam 3\CSDL_NC\git\DUAN_NHOM3_CSDLNC\WebChiaSeHinhAnh\pom.xml.
2023-03-28 09:41:26,951 [Worker-35: Updating Maven Dependencies] INFO  o.e.m.c.i.l.LifecycleMappingFactory - Using org.maven.ide.eclipse.wtp.WarLifecycleMapping lifecycle mapping for MavenProject: WebChiaSeHinhAnh:WebChiaSeHinhAnh:0.0.1-SNAPSHOT @ D:\Tai lieu hoc ki 2 nam 3\CSDL_NC\git\DUAN_NHOM3_CSDLNC\WebChiaSeHinhAnh\pom.xml.
2023-03-28 09:41:32,185 [Worker-10: Building] WARN  o.e.m.c.i.embedder.EclipseLogger - Using platform encoding (Cp1258 actually) to copy filtered resources, i.e. build is platform dependent!
2023-03-28 09:41:32,187 [Worker-10: Building] INFO  o.e.m.c.i.embedder.EclipseLogger - skip non existing resourceDirectory D:\Tai lieu hoc ki 2 nam 3\CSDL_NC\git\DUAN_NHOM3_CSDLNC\WebChiaSeHinhAnh\src\main\resources
2023-03-28 09:41:32,194 [Worker-10: Building] WARN  o.e.m.c.i.embedder.EclipseLogger - Using platform encoding (Cp1258 actually) to copy filtered resources, i.e. build is platform dependent!
2023-03-28 09:41:32,196 [Worker-10: Building] INFO  o.e.m.c.i.embedder.EclipseLogger - skip non existing resourceDirectory D:\Tai lieu hoc ki 2 nam 3\CSDL_NC\git\DUAN_NHOM3_CSDLNC\WebChiaSeHinhAnh\src\test\resources
2023-03-28 09:41:33,731 [Worker-2: Updating Maven Dependencies] INFO  o.e.m.c.i.l.LifecycleMappingFactory - Using org.maven.ide.eclipse.wtp.WarLifecycleMapping lifecycle mapping for MavenProject: WebChiaSeHinhAnh:WebChiaSeHinhAnh:0.0.1-SNAPSHOT @ D:\Tai lieu hoc ki 2 nam 3\CSDL_NC\git\DUAN_NHOM3_CSDLNC\WebChiaSeHinhAnh\pom.xml.
2023-03-28 09:41:35,124 [Worker-2: Building] WARN  o.e.m.c.i.embedder.EclipseLogger - Using platform encoding (Cp1258 actually) to copy filtered resources, i.e. build is platform dependent!
2023-03-28 09:41:35,126 [Worker-2: Building] INFO  o.e.m.c.i.embedder.EclipseLogger - skip non existing resourceDirectory D:\Tai lieu hoc ki 2 nam 3\CSDL_NC\git\DUAN_NHOM3_CSDLNC\WebChiaSeHinhAnh\src\main\resources
2023-03-28 09:41:35,130 [Worker-2: Building] WARN  o.e.m.c.i.embedder.EclipseLogger - Using platform encoding (Cp1258 actually) to copy filtered resources, i.e. build is platform dependent!
2023-03-28 09:41:35,131 [Worker-2: Building] INFO  o.e.m.c.i.embedder.EclipseLogger - skip non existing resourceDirectory D:\Tai lieu hoc ki 2 nam 3\CSDL_NC\git\DUAN_NHOM3_CSDLNC\WebChiaSeHinhAnh\src\test\resources
2023-03-28 09:41:38,415 [Worker-33: Updating Maven Project] INFO  o.e.m.c.i.p.ProjectConfigurationManager - Update started
2023-03-28 09:41:38,792 [Worker-33: Updating Maven Project] INFO  o.e.m.c.i.l.LifecycleMappingFactory - Using org.maven.ide.eclipse.wtp.WarLifecycleMapping lifecycle mapping for MavenProject: WebChiaSeHinhAnh:WebChiaSeHinhAnh:0.0.1-SNAPSHOT @ D:\Tai lieu hoc ki 2 nam 3\CSDL_NC\git\DUAN_NHOM3_CSDLNC\WebChiaSeHinhAnh\pom.xml.
2023-03-28 09:41:39,500 [Worker-33: Updating Maven Project] INFO  o.e.m.j.i.AbstractJavaProjectConfigurator - Adding source folder /WebChiaSeHinhAnh/src/main/java
2023-03-28 09:41:39,501 [Worker-33: Updating Maven Project] INFO  o.e.m.j.i.AbstractJavaProjectConfigurator - Adding source folder /WebChiaSeHinhAnh/src/test/java
2023-03-28 09:41:39,940 [Worker-33: Updating Maven Project] INFO  o.e.m.w.i.f.ResourceFilteringBuildParticipant - Cleaning filtered folder for WebChiaSeHinhAnh
2023-03-28 09:41:39,953 [Worker-33: Updating Maven Project] INFO  o.e.m.c.i.p.ProjectConfigurationManager - Update completed for 1 poms: local refresh takes 0,00 sec, refresh facades takes 0,00 sec, update config takes 0,00 sec 
2023-03-28 09:41:40,355 [Worker-20: Building] WARN  o.e.m.c.i.embedder.EclipseLogger - Using platform encoding (Cp1258 actually) to copy filtered resources, i.e. build is platform dependent!
2023-03-28 09:41:40,357 [Worker-20: Building] INFO  o.e.m.c.i.embedder.EclipseLogger - skip non existing resourceDirectory D:\Tai lieu hoc ki 2 nam 3\CSDL_NC\git\DUAN_NHOM3_CSDLNC\WebChiaSeHinhAnh\src\main\resources
2023-03-28 09:41:40,362 [Worker-20: Building] WARN  o.e.m.c.i.embedder.EclipseLogger - Using platform encoding (Cp1258 actually) to copy filtered resources, i.e. build is platform dependent!
2023-03-28 09:41:40,364 [Worker-20: Building] INFO  o.e.m.c.i.embedder.EclipseLogger - skip non existing resourceDirectory D:\Tai lieu hoc ki 2 nam 3\CSDL_NC\git\DUAN_NHOM3_CSDLNC\WebChiaSeHinhAnh\src\test\resources
2023-03-28 09:41:40,365 [Worker-20: Building] INFO  o.e.m.w.i.f.ResourceFilteringBuildParticipant - Changed resources require a complete clean of filtered resources of WebChiaSeHinhAnh
2023-03-28 09:41:40,367 [Worker-20: Building] INFO  o.e.m.w.i.f.ResourceFilteringBuildParticipant - Executing resource filtering for WebChiaSeHinhAnh
2023-03-28 09:41:40,415 [Worker-20: Building] WARN  o.e.m.c.i.embedder.EclipseLogger - Using platform encoding (Cp1258 actually) to copy filtered resources, i.e. build is platform dependent!
2023-03-28 09:49:44,405 [Worker-38: Building] WARN  o.e.m.c.i.embedder.EclipseLogger - Using platform encoding (Cp1258 actually) to copy filtered resources, i.e. build is platform dependent!
2023-03-28 09:49:44,407 [Worker-38: Building] INFO  o.e.m.c.i.embedder.EclipseLogger - skip non existing resourceDirectory D:\Tai lieu hoc ki 2 nam 3\CSDL_NC\git\DUAN_NHOM3_CSDLNC\WebChiaSeHinhAnh\src\main\resources
2023-03-28 09:49:44,409 [Worker-38: Building] WARN  o.e.m.c.i.embedder.EclipseLogger - Using platform encoding (Cp1258 actually) to copy filtered resources, i.e. build is platform dependent!
2023-03-28 09:49:44,410 [Worker-38: Building] INFO  o.e.m.c.i.embedder.EclipseLogger - skip non existing resourceDirectory D:\Tai lieu hoc ki 2 nam 3\CSDL_NC\git\DUAN_NHOM3_CSDLNC\WebChiaSeHinhAnh\src\test\resources
2023-03-28 09:57:42,872 [Worker-39: Building] WARN  o.e.m.c.i.embedder.EclipseLogger - Using platform encoding (Cp1258 actually) to copy filtered resources, i.e. build is platform dependent!
2023-03-28 09:57:42,873 [Worker-39: Building] INFO  o.e.m.c.i.embedder.EclipseLogger - skip non existing resourceDirectory D:\Tai lieu hoc ki 2 nam 3\CSDL_NC\git\DUAN_NHOM3_CSDLNC\WebChiaSeHinhAnh\src\main\resources
2023-03-28 09:57:42,875 [Worker-39: Building] WARN  o.e.m.c.i.embedder.EclipseLogger - Using platform encoding (Cp1258 actually) to copy filtered resources, i.e. build is platform dependent!
2023-03-28 09:57:42,876 [Worker-39: Building] INFO  o.e.m.c.i.embedder.EclipseLogger - skip non existing resourceDirectory D:\Tai lieu hoc ki 2 nam 3\CSDL_NC\git\DUAN_NHOM3_CSDLNC\WebChiaSeHinhAnh\src\test\resources
2023-03-28 09:58:43,740 [Worker-38: Building] WARN  o.e.m.c.i.embedder.EclipseLogger - Using platform encoding (Cp1258 actually) to copy filtered resources, i.e. build is platform dependent!
2023-03-28 09:58:43,740 [Worker-38: Building] INFO  o.e.m.c.i.embedder.EclipseLogger - skip non existing resourceDirectory D:\Tai lieu hoc ki 2 nam 3\CSDL_NC\git\DUAN_NHOM3_CSDLNC\WebChiaSeHinhAnh\src\main\resources
2023-03-28 09:58:43,740 [Worker-38: Building] WARN  o.e.m.c.i.embedder.EclipseLogger - Using platform encoding (Cp1258 actually) to copy filtered resources, i.e. build is platform dependent!
2023-03-28 09:58:43,740 [Worker-38: Building] INFO  o.e.m.c.i.embedder.EclipseLogger - skip non existing resourceDirectory D:\Tai lieu hoc ki 2 nam 3\CSDL_NC\git\DUAN_NHOM3_CSDLNC\WebChiaSeHinhAnh\src\test\resources
2023-03-28 09:58:58,660 [Worker-39: Building] WARN  o.e.m.c.i.embedder.EclipseLogger - Using platform encoding (Cp1258 actually) to copy filtered resources, i.e. build is platform dependent!
2023-03-28 09:58:58,662 [Worker-39: Building] INFO  o.e.m.c.i.embedder.EclipseLogger - skip non existing resourceDirectory D:\Tai lieu hoc ki 2 nam 3\CSDL_NC\git\DUAN_NHOM3_CSDLNC\WebChiaSeHinhAnh\src\main\resources
2023-03-28 09:58:58,663 [Worker-39: Building] WARN  o.e.m.c.i.embedder.EclipseLogger - Using platform encoding (Cp1258 actually) to copy filtered resources, i.e. build is platform dependent!
2023-03-28 09:58:58,665 [Worker-39: Building] INFO  o.e.m.c.i.embedder.EclipseLogger - skip non existing resourceDirectory D:\Tai lieu hoc ki 2 nam 3\CSDL_NC\git\DUAN_NHOM3_CSDLNC\WebChiaSeHinhAnh\src\test\resources
2023-03-28 10:00:11,090 [Worker-44: Building] WARN  o.e.m.c.i.embedder.EclipseLogger - Using platform encoding (Cp1258 actually) to copy filtered resources, i.e. build is platform dependent!
2023-03-28 10:00:11,090 [Worker-44: Building] INFO  o.e.m.c.i.embedder.EclipseLogger - skip non existing resourceDirectory D:\Tai lieu hoc ki 2 nam 3\CSDL_NC\git\DUAN_NHOM3_CSDLNC\WebChiaSeHinhAnh\src\main\resources
2023-03-28 10:00:11,092 [Worker-44: Building] WARN  o.e.m.c.i.embedder.EclipseLogger - Using platform encoding (Cp1258 actually) to copy filtered resources, i.e. build is platform dependent!
2023-03-28 10:00:11,093 [Worker-44: Building] INFO  o.e.m.c.i.embedder.EclipseLogger - skip non existing resourceDirectory D:\Tai lieu hoc ki 2 nam 3\CSDL_NC\git\DUAN_NHOM3_CSDLNC\WebChiaSeHinhAnh\src\test\resources
2023-03-28 10:00:34,986 [Worker-38: Building] WARN  o.e.m.c.i.embedder.EclipseLogger - Using platform encoding (Cp1258 actually) to copy filtered resources, i.e. build is platform dependent!
2023-03-28 10:00:34,987 [Worker-38: Building] INFO  o.e.m.c.i.embedder.EclipseLogger - skip non existing resourceDirectory D:\Tai lieu hoc ki 2 nam 3\CSDL_NC\git\DUAN_NHOM3_CSDLNC\WebChiaSeHinhAnh\src\main\resources
2023-03-28 10:00:34,989 [Worker-38: Building] WARN  o.e.m.c.i.embedder.EclipseLogger - Using platform encoding (Cp1258 actually) to copy filtered resources, i.e. build is platform dependent!
2023-03-28 10:00:34,990 [Worker-38: Building] INFO  o.e.m.c.i.embedder.EclipseLogger - skip non existing resourceDirectory D:\Tai lieu hoc ki 2 nam 3\CSDL_NC\git\DUAN_NHOM3_CSDLNC\WebChiaSeHinhAnh\src\test\resources
2023-03-28 10:00:56,301 [Worker-45: Building] WARN  o.e.m.c.i.embedder.EclipseLogger - Using platform encoding (Cp1258 actually) to copy filtered resources, i.e. build is platform dependent!
2023-03-28 10:00:56,302 [Worker-45: Building] INFO  o.e.m.c.i.embedder.EclipseLogger - skip non existing resourceDirectory D:\Tai lieu hoc ki 2 nam 3\CSDL_NC\git\DUAN_NHOM3_CSDLNC\WebChiaSeHinhAnh\src\main\resources
2023-03-28 10:00:56,303 [Worker-45: Building] WARN  o.e.m.c.i.embedder.EclipseLogger - Using platform encoding (Cp1258 actually) to copy filtered resources, i.e. build is platform dependent!
2023-03-28 10:00:56,304 [Worker-45: Building] INFO  o.e.m.c.i.embedder.EclipseLogger - skip non existing resourceDirectory D:\Tai lieu hoc ki 2 nam 3\CSDL_NC\git\DUAN_NHOM3_CSDLNC\WebChiaSeHinhAnh\src\test\resources
2023-03-28 10:01:00,900 [Worker-44: Building] WARN  o.e.m.c.i.embedder.EclipseLogger - Using platform encoding (Cp1258 actually) to copy filtered resources, i.e. build is platform dependent!
2023-03-28 10:01:00,901 [Worker-44: Building] INFO  o.e.m.c.i.embedder.EclipseLogger - skip non existing resourceDirectory D:\Tai lieu hoc ki 2 nam 3\CSDL_NC\git\DUAN_NHOM3_CSDLNC\WebChiaSeHinhAnh\src\main\resources
2023-03-28 10:01:00,903 [Worker-44: Building] WARN  o.e.m.c.i.embedder.EclipseLogger - Using platform encoding (Cp1258 actually) to copy filtered resources, i.e. build is platform dependent!
2023-03-28 10:01:00,904 [Worker-44: Building] INFO  o.e.m.c.i.embedder.EclipseLogger - skip non existing resourceDirectory D:\Tai lieu hoc ki 2 nam 3\CSDL_NC\git\DUAN_NHOM3_CSDLNC\WebChiaSeHinhAnh\src\test\resources
2023-03-28 10:02:40,053 [Worker-46: Building] WARN  o.e.m.c.i.embedder.EclipseLogger - Using platform encoding (Cp1258 actually) to copy filtered resources, i.e. build is platform dependent!
2023-03-28 10:02:40,054 [Worker-46: Building] INFO  o.e.m.c.i.embedder.EclipseLogger - skip non existing resourceDirectory D:\Tai lieu hoc ki 2 nam 3\CSDL_NC\git\DUAN_NHOM3_CSDLNC\WebChiaSeHinhAnh\src\main\resources
2023-03-28 10:02:40,056 [Worker-46: Building] WARN  o.e.m.c.i.embedder.EclipseLogger - Using platform encoding (Cp1258 actually) to copy filtered resources, i.e. build is platform dependent!
2023-03-28 10:02:40,057 [Worker-46: Building] INFO  o.e.m.c.i.embedder.EclipseLogger - skip non existing resourceDirectory D:\Tai lieu hoc ki 2 nam 3\CSDL_NC\git\DUAN_NHOM3_CSDLNC\WebChiaSeHinhAnh\src\test\resources
2023-03-28 10:06:10,409 [Worker-46: Building] WARN  o.e.m.c.i.embedder.EclipseLogger - Using platform encoding (Cp1258 actually) to copy filtered resources, i.e. build is platform dependent!
2023-03-28 10:06:10,410 [Worker-46: Building] INFO  o.e.m.c.i.embedder.EclipseLogger - skip non existing resourceDirectory D:\Tai lieu hoc ki 2 nam 3\CSDL_NC\git\DUAN_NHOM3_CSDLNC\WebChiaSeHinhAnh\src\main\resources
2023-03-28 10:06:10,412 [Worker-46: Building] WARN  o.e.m.c.i.embedder.EclipseLogger - Using platform encoding (Cp1258 actually) to copy filtered resources, i.e. build is platform dependent!
2023-03-28 10:06:10,413 [Worker-46: Building] INFO  o.e.m.c.i.embedder.EclipseLogger - skip non existing resourceDirectory D:\Tai lieu hoc ki 2 nam 3\CSDL_NC\git\DUAN_NHOM3_CSDLNC\WebChiaSeHinhAnh\src\test\resources
2023-03-28 10:06:23,270 [Worker-49: Building] WARN  o.e.m.c.i.embedder.EclipseLogger - Using platform encoding (Cp1258 actually) to copy filtered resources, i.e. build is platform dependent!
2023-03-28 10:06:23,271 [Worker-49: Building] INFO  o.e.m.c.i.embedder.EclipseLogger - skip non existing resourceDirectory D:\Tai lieu hoc ki 2 nam 3\CSDL_NC\git\DUAN_NHOM3_CSDLNC\WebChiaSeHinhAnh\src\main\resources
2023-03-28 10:06:23,273 [Worker-49: Building] WARN  o.e.m.c.i.embedder.EclipseLogger - Using platform encoding (Cp1258 actually) to copy filtered resources, i.e. build is platform dependent!
2023-03-28 10:06:23,273 [Worker-49: Building] INFO  o.e.m.c.i.embedder.EclipseLogger - skip non existing resourceDirectory D:\Tai lieu hoc ki 2 nam 3\CSDL_NC\git\DUAN_NHOM3_CSDLNC\WebChiaSeHinhAnh\src\test\resources
2023-03-28 10:06:35,975 [Worker-48: Building] WARN  o.e.m.c.i.embedder.EclipseLogger - Using platform encoding (Cp1258 actually) to copy filtered resources, i.e. build is platform dependent!
2023-03-28 10:06:35,976 [Worker-48: Building] INFO  o.e.m.c.i.embedder.EclipseLogger - skip non existing resourceDirectory D:\Tai lieu hoc ki 2 nam 3\CSDL_NC\git\DUAN_NHOM3_CSDLNC\WebChiaSeHinhAnh\src\main\resources
2023-03-28 10:06:35,978 [Worker-48: Building] WARN  o.e.m.c.i.embedder.EclipseLogger - Using platform encoding (Cp1258 actually) to copy filtered resources, i.e. build is platform dependent!
2023-03-28 10:06:35,978 [Worker-48: Building] INFO  o.e.m.c.i.embedder.EclipseLogger - skip non existing resourceDirectory D:\Tai lieu hoc ki 2 nam 3\CSDL_NC\git\DUAN_NHOM3_CSDLNC\WebChiaSeHinhAnh\src\test\resources
2023-03-28 10:06:54,322 [Worker-46: Building] WARN  o.e.m.c.i.embedder.EclipseLogger - Using platform encoding (Cp1258 actually) to copy filtered resources, i.e. build is platform dependent!
2023-03-28 10:06:54,323 [Worker-46: Building] INFO  o.e.m.c.i.embedder.EclipseLogger - skip non existing resourceDirectory D:\Tai lieu hoc ki 2 nam 3\CSDL_NC\git\DUAN_NHOM3_CSDLNC\WebChiaSeHinhAnh\src\main\resources
2023-03-28 10:06:54,324 [Worker-46: Building] WARN  o.e.m.c.i.embedder.EclipseLogger - Using platform encoding (Cp1258 actually) to copy filtered resources, i.e. build is platform dependent!
2023-03-28 10:06:54,325 [Worker-46: Building] INFO  o.e.m.c.i.embedder.EclipseLogger - skip non existing resourceDirectory D:\Tai lieu hoc ki 2 nam 3\CSDL_NC\git\DUAN_NHOM3_CSDLNC\WebChiaSeHinhAnh\src\test\resources
2023-03-28 10:07:01,994 [Worker-50: Building] WARN  o.e.m.c.i.embedder.EclipseLogger - Using platform encoding (Cp1258 actually) to copy filtered resources, i.e. build is platform dependent!
2023-03-28 10:07:01,995 [Worker-50: Building] INFO  o.e.m.c.i.embedder.EclipseLogger - skip non existing resourceDirectory D:\Tai lieu hoc ki 2 nam 3\CSDL_NC\git\DUAN_NHOM3_CSDLNC\WebChiaSeHinhAnh\src\main\resources
2023-03-28 10:07:01,997 [Worker-50: Building] WARN  o.e.m.c.i.embedder.EclipseLogger - Using platform encoding (Cp1258 actually) to copy filtered resources, i.e. build is platform dependent!
2023-03-28 10:07:01,998 [Worker-50: Building] INFO  o.e.m.c.i.embedder.EclipseLogger - skip non existing resourceDirectory D:\Tai lieu hoc ki 2 nam 3\CSDL_NC\git\DUAN_NHOM3_CSDLNC\WebChiaSeHinhAnh\src\test\resources
2023-03-28 10:09:59,534 [Worker-51: Building] WARN  o.e.m.c.i.embedder.EclipseLogger - Using platform encoding (Cp1258 actually) to copy filtered resources, i.e. build is platform dependent!
2023-03-28 10:09:59,535 [Worker-51: Building] INFO  o.e.m.c.i.embedder.EclipseLogger - skip non existing resourceDirectory D:\Tai lieu hoc ki 2 nam 3\CSDL_NC\git\DUAN_NHOM3_CSDLNC\WebChiaSeHinhAnh\src\main\resources
2023-03-28 10:09:59,538 [Worker-51: Building] WARN  o.e.m.c.i.embedder.EclipseLogger - Using platform encoding (Cp1258 actually) to copy filtered resources, i.e. build is platform dependent!
2023-03-28 10:09:59,539 [Worker-51: Building] INFO  o.e.m.c.i.embedder.EclipseLogger - skip non existing resourceDirectory D:\Tai lieu hoc ki 2 nam 3\CSDL_NC\git\DUAN_NHOM3_CSDLNC\WebChiaSeHinhAnh\src\test\resources
2023-03-28 10:10:06,682 [Worker-46: Building] WARN  o.e.m.c.i.embedder.EclipseLogger - Using platform encoding (Cp1258 actually) to copy filtered resources, i.e. build is platform dependent!
2023-03-28 10:10:06,683 [Worker-46: Building] INFO  o.e.m.c.i.embedder.EclipseLogger - skip non existing resourceDirectory D:\Tai lieu hoc ki 2 nam 3\CSDL_NC\git\DUAN_NHOM3_CSDLNC\WebChiaSeHinhAnh\src\main\resources
2023-03-28 10:10:06,684 [Worker-46: Building] WARN  o.e.m.c.i.embedder.EclipseLogger - Using platform encoding (Cp1258 actually) to copy filtered resources, i.e. build is platform dependent!
2023-03-28 10:10:06,685 [Worker-46: Building] INFO  o.e.m.c.i.embedder.EclipseLogger - skip non existing resourceDirectory D:\Tai lieu hoc ki 2 nam 3\CSDL_NC\git\DUAN_NHOM3_CSDLNC\WebChiaSeHinhAnh\src\test\resources
2023-03-28 10:10:10,969 [Worker-48: Building] WARN  o.e.m.c.i.embedder.EclipseLogger - Using platform encoding (Cp1258 actually) to copy filtered resources, i.e. build is platform dependent!
2023-03-28 10:10:10,969 [Worker-48: Building] INFO  o.e.m.c.i.embedder.EclipseLogger - skip non existing resourceDirectory D:\Tai lieu hoc ki 2 nam 3\CSDL_NC\git\DUAN_NHOM3_CSDLNC\WebChiaSeHinhAnh\src\main\resources
2023-03-28 10:10:10,971 [Worker-48: Building] WARN  o.e.m.c.i.embedder.EclipseLogger - Using platform encoding (Cp1258 actually) to copy filtered resources, i.e. build is platform dependent!
2023-03-28 10:10:10,972 [Worker-48: Building] INFO  o.e.m.c.i.embedder.EclipseLogger - skip non existing resourceDirectory D:\Tai lieu hoc ki 2 nam 3\CSDL_NC\git\DUAN_NHOM3_CSDLNC\WebChiaSeHinhAnh\src\test\resources
2023-03-28 10:10:20,851 [Worker-49: Building] WARN  o.e.m.c.i.embedder.EclipseLogger - Using platform encoding (Cp1258 actually) to copy filtered resources, i.e. build is platform dependent!
2023-03-28 10:10:20,851 [Worker-49: Building] INFO  o.e.m.c.i.embedder.EclipseLogger - skip non existing resourceDirectory D:\Tai lieu hoc ki 2 nam 3\CSDL_NC\git\DUAN_NHOM3_CSDLNC\WebChiaSeHinhAnh\src\main\resources
2023-03-28 10:10:20,853 [Worker-49: Building] WARN  o.e.m.c.i.embedder.EclipseLogger - Using platform encoding (Cp1258 actually) to copy filtered resources, i.e. build is platform dependent!
2023-03-28 10:10:20,854 [Worker-49: Building] INFO  o.e.m.c.i.embedder.EclipseLogger - skip non existing resourceDirectory D:\Tai lieu hoc ki 2 nam 3\CSDL_NC\git\DUAN_NHOM3_CSDLNC\WebChiaSeHinhAnh\src\test\resources
2023-03-28 10:10:54,570 [Worker-52: Building] WARN  o.e.m.c.i.embedder.EclipseLogger - Using platform encoding (Cp1258 actually) to copy filtered resources, i.e. build is platform dependent!
2023-03-28 10:10:54,571 [Worker-52: Building] INFO  o.e.m.c.i.embedder.EclipseLogger - skip non existing resourceDirectory D:\Tai lieu hoc ki 2 nam 3\CSDL_NC\git\DUAN_NHOM3_CSDLNC\WebChiaSeHinhAnh\src\main\resources
2023-03-28 10:10:54,574 [Worker-52: Building] WARN  o.e.m.c.i.embedder.EclipseLogger - Using platform encoding (Cp1258 actually) to copy filtered resources, i.e. build is platform dependent!
2023-03-28 10:10:54,575 [Worker-52: Building] INFO  o.e.m.c.i.embedder.EclipseLogger - skip non existing resourceDirectory D:\Tai lieu hoc ki 2 nam 3\CSDL_NC\git\DUAN_NHOM3_CSDLNC\WebChiaSeHinhAnh\src\test\resources
2023-03-28 10:11:03,337 [Worker-46: Building] WARN  o.e.m.c.i.embedder.EclipseLogger - Using platform encoding (Cp1258 actually) to copy filtered resources, i.e. build is platform dependent!
2023-03-28 10:11:03,338 [Worker-46: Building] INFO  o.e.m.c.i.embedder.EclipseLogger - skip non existing resourceDirectory D:\Tai lieu hoc ki 2 nam 3\CSDL_NC\git\DUAN_NHOM3_CSDLNC\WebChiaSeHinhAnh\src\main\resources
2023-03-28 10:11:03,340 [Worker-46: Building] WARN  o.e.m.c.i.embedder.EclipseLogger - Using platform encoding (Cp1258 actually) to copy filtered resources, i.e. build is platform dependent!
2023-03-28 10:11:03,341 [Worker-46: Building] INFO  o.e.m.c.i.embedder.EclipseLogger - skip non existing resourceDirectory D:\Tai lieu hoc ki 2 nam 3\CSDL_NC\git\DUAN_NHOM3_CSDLNC\WebChiaSeHinhAnh\src\test\resources
2023-03-28 10:11:12,789 [Worker-53: Building] WARN  o.e.m.c.i.embedder.EclipseLogger - Using platform encoding (Cp1258 actually) to copy filtered resources, i.e. build is platform dependent!
2023-03-28 10:11:12,790 [Worker-53: Building] INFO  o.e.m.c.i.embedder.EclipseLogger - skip non existing resourceDirectory D:\Tai lieu hoc ki 2 nam 3\CSDL_NC\git\DUAN_NHOM3_CSDLNC\WebChiaSeHinhAnh\src\main\resources
2023-03-28 10:11:12,791 [Worker-53: Building] WARN  o.e.m.c.i.embedder.EclipseLogger - Using platform encoding (Cp1258 actually) to copy filtered resources, i.e. build is platform dependent!
2023-03-28 10:11:12,792 [Worker-53: Building] INFO  o.e.m.c.i.embedder.EclipseLogger - skip non existing resourceDirectory D:\Tai lieu hoc ki 2 nam 3\CSDL_NC\git\DUAN_NHOM3_CSDLNC\WebChiaSeHinhAnh\src\test\resources
2023-03-28 10:11:37,099 [Worker-53: Building] WARN  o.e.m.c.i.embedder.EclipseLogger - Using platform encoding (Cp1258 actually) to copy filtered resources, i.e. build is platform dependent!
2023-03-28 10:11:37,100 [Worker-53: Building] INFO  o.e.m.c.i.embedder.EclipseLogger - skip non existing resourceDirectory D:\Tai lieu hoc ki 2 nam 3\CSDL_NC\git\DUAN_NHOM3_CSDLNC\WebChiaSeHinhAnh\src\main\resources
2023-03-28 10:11:37,101 [Worker-53: Building] WARN  o.e.m.c.i.embedder.EclipseLogger - Using platform encoding (Cp1258 actually) to copy filtered resources, i.e. build is platform dependent!
2023-03-28 10:11:37,102 [Worker-53: Building] INFO  o.e.m.c.i.embedder.EclipseLogger - skip non existing resourceDirectory D:\Tai lieu hoc ki 2 nam 3\CSDL_NC\git\DUAN_NHOM3_CSDLNC\WebChiaSeHinhAnh\src\test\resources
2023-03-28 10:12:37,280 [Worker-51: Building] WARN  o.e.m.c.i.embedder.EclipseLogger - Using platform encoding (Cp1258 actually) to copy filtered resources, i.e. build is platform dependent!
2023-03-28 10:12:37,281 [Worker-51: Building] INFO  o.e.m.c.i.embedder.EclipseLogger - skip non existing resourceDirectory D:\Tai lieu hoc ki 2 nam 3\CSDL_NC\git\DUAN_NHOM3_CSDLNC\WebChiaSeHinhAnh\src\main\resources
2023-03-28 10:12:37,282 [Worker-51: Building] WARN  o.e.m.c.i.embedder.EclipseLogger - Using platform encoding (Cp1258 actually) to copy filtered resources, i.e. build is platform dependent!
2023-03-28 10:12:37,283 [Worker-51: Building] INFO  o.e.m.c.i.embedder.EclipseLogger - skip non existing resourceDirectory D:\Tai lieu hoc ki 2 nam 3\CSDL_NC\git\DUAN_NHOM3_CSDLNC\WebChiaSeHinhAnh\src\test\resources
2023-03-28 10:12:39,847 [Worker-52: Building] WARN  o.e.m.c.i.embedder.EclipseLogger - Using platform encoding (Cp1258 actually) to copy filtered resources, i.e. build is platform dependent!
2023-03-28 10:12:39,848 [Worker-52: Building] INFO  o.e.m.c.i.embedder.EclipseLogger - skip non existing resourceDirectory D:\Tai lieu hoc ki 2 nam 3\CSDL_NC\git\DUAN_NHOM3_CSDLNC\WebChiaSeHinhAnh\src\main\resources
2023-03-28 10:12:39,849 [Worker-52: Building] WARN  o.e.m.c.i.embedder.EclipseLogger - Using platform encoding (Cp1258 actually) to copy filtered resources, i.e. build is platform dependent!
2023-03-28 10:12:39,850 [Worker-52: Building] INFO  o.e.m.c.i.embedder.EclipseLogger - skip non existing resourceDirectory D:\Tai lieu hoc ki 2 nam 3\CSDL_NC\git\DUAN_NHOM3_CSDLNC\WebChiaSeHinhAnh\src\test\resources
2023-03-28 10:12:51,495 [Worker-46: Building] WARN  o.e.m.c.i.embedder.EclipseLogger - Using platform encoding (Cp1258 actually) to copy filtered resources, i.e. build is platform dependent!
2023-03-28 10:12:51,496 [Worker-46: Building] INFO  o.e.m.c.i.embedder.EclipseLogger - skip non existing resourceDirectory D:\Tai lieu hoc ki 2 nam 3\CSDL_NC\git\DUAN_NHOM3_CSDLNC\WebChiaSeHinhAnh\src\main\resources
2023-03-28 10:12:51,497 [Worker-46: Building] WARN  o.e.m.c.i.embedder.EclipseLogger - Using platform encoding (Cp1258 actually) to copy filtered resources, i.e. build is platform dependent!
2023-03-28 10:12:51,498 [Worker-46: Building] INFO  o.e.m.c.i.embedder.EclipseLogger - skip non existing resourceDirectory D:\Tai lieu hoc ki 2 nam 3\CSDL_NC\git\DUAN_NHOM3_CSDLNC\WebChiaSeHinhAnh\src\test\resources
2023-03-28 10:12:58,078 [Worker-49: Building] WARN  o.e.m.c.i.embedder.EclipseLogger - Using platform encoding (Cp1258 actually) to copy filtered resources, i.e. build is platform dependent!
2023-03-28 10:12:58,079 [Worker-49: Building] INFO  o.e.m.c.i.embedder.EclipseLogger - skip non existing resourceDirectory D:\Tai lieu hoc ki 2 nam 3\CSDL_NC\git\DUAN_NHOM3_CSDLNC\WebChiaSeHinhAnh\src\main\resources
2023-03-28 10:12:58,080 [Worker-49: Building] WARN  o.e.m.c.i.embedder.EclipseLogger - Using platform encoding (Cp1258 actually) to copy filtered resources, i.e. build is platform dependent!
2023-03-28 10:12:58,081 [Worker-49: Building] INFO  o.e.m.c.i.embedder.EclipseLogger - skip non existing resourceDirectory D:\Tai lieu hoc ki 2 nam 3\CSDL_NC\git\DUAN_NHOM3_CSDLNC\WebChiaSeHinhAnh\src\test\resources
2023-03-28 10:13:26,428 [Worker-54: Building] WARN  o.e.m.c.i.embedder.EclipseLogger - Using platform encoding (Cp1258 actually) to copy filtered resources, i.e. build is platform dependent!
2023-03-28 10:13:26,429 [Worker-54: Building] INFO  o.e.m.c.i.embedder.EclipseLogger - skip non existing resourceDirectory D:\Tai lieu hoc ki 2 nam 3\CSDL_NC\git\DUAN_NHOM3_CSDLNC\WebChiaSeHinhAnh\src\main\resources
2023-03-28 10:13:26,431 [Worker-54: Building] WARN  o.e.m.c.i.embedder.EclipseLogger - Using platform encoding (Cp1258 actually) to copy filtered resources, i.e. build is platform dependent!
2023-03-28 10:13:26,432 [Worker-54: Building] INFO  o.e.m.c.i.embedder.EclipseLogger - skip non existing resourceDirectory D:\Tai lieu hoc ki 2 nam 3\CSDL_NC\git\DUAN_NHOM3_CSDLNC\WebChiaSeHinhAnh\src\test\resources
2023-03-28 12:35:27,350 [Worker-66: Building] WARN  o.e.m.c.i.embedder.EclipseLogger - Using platform encoding (Cp1258 actually) to copy filtered resources, i.e. build is platform dependent!
2023-03-28 12:35:27,357 [Worker-66: Building] INFO  o.e.m.c.i.embedder.EclipseLogger - skip non existing resourceDirectory D:\Tai lieu hoc ki 2 nam 3\CSDL_NC\git\DUAN_NHOM3_CSDLNC\WebChiaSeHinhAnh\src\main\resources
2023-03-28 12:35:27,360 [Worker-66: Building] WARN  o.e.m.c.i.embedder.EclipseLogger - Using platform encoding (Cp1258 actually) to copy filtered resources, i.e. build is platform dependent!
2023-03-28 12:35:27,361 [Worker-66: Building] INFO  o.e.m.c.i.embedder.EclipseLogger - skip non existing resourceDirectory D:\Tai lieu hoc ki 2 nam 3\CSDL_NC\git\DUAN_NHOM3_CSDLNC\WebChiaSeHinhAnh\src\test\resources
2023-03-28 12:36:42,820 [Worker-63: Building] WARN  o.e.m.c.i.embedder.EclipseLogger - Using platform encoding (Cp1258 actually) to copy filtered resources, i.e. build is platform dependent!
2023-03-28 12:36:42,821 [Worker-63: Building] INFO  o.e.m.c.i.embedder.EclipseLogger - skip non existing resourceDirectory D:\Tai lieu hoc ki 2 nam 3\CSDL_NC\git\DUAN_NHOM3_CSDLNC\WebChiaSeHinhAnh\src\main\resources
2023-03-28 12:36:42,822 [Worker-63: Building] WARN  o.e.m.c.i.embedder.EclipseLogger - Using platform encoding (Cp1258 actually) to copy filtered resources, i.e. build is platform dependent!
2023-03-28 12:36:42,823 [Worker-63: Building] INFO  o.e.m.c.i.embedder.EclipseLogger - skip non existing resourceDirectory D:\Tai lieu hoc ki 2 nam 3\CSDL_NC\git\DUAN_NHOM3_CSDLNC\WebChiaSeHinhAnh\src\test\resources
2023-03-28 12:36:45,114 [Worker-70: Building] WARN  o.e.m.c.i.embedder.EclipseLogger - Using platform encoding (Cp1258 actually) to copy filtered resources, i.e. build is platform dependent!
2023-03-28 12:36:45,115 [Worker-70: Building] INFO  o.e.m.c.i.embedder.EclipseLogger - skip non existing resourceDirectory D:\Tai lieu hoc ki 2 nam 3\CSDL_NC\git\DUAN_NHOM3_CSDLNC\WebChiaSeHinhAnh\src\main\resources
2023-03-28 12:36:45,116 [Worker-70: Building] WARN  o.e.m.c.i.embedder.EclipseLogger - Using platform encoding (Cp1258 actually) to copy filtered resources, i.e. build is platform dependent!
2023-03-28 12:36:45,118 [Worker-70: Building] INFO  o.e.m.c.i.embedder.EclipseLogger - skip non existing resourceDirectory D:\Tai lieu hoc ki 2 nam 3\CSDL_NC\git\DUAN_NHOM3_CSDLNC\WebChiaSeHinhAnh\src\test\resources
2023-03-28 12:37:16,358 [Worker-69: Building] WARN  o.e.m.c.i.embedder.EclipseLogger - Using platform encoding (Cp1258 actually) to copy filtered resources, i.e. build is platform dependent!
2023-03-28 12:37:16,359 [Worker-69: Building] INFO  o.e.m.c.i.embedder.EclipseLogger - skip non existing resourceDirectory D:\Tai lieu hoc ki 2 nam 3\CSDL_NC\git\DUAN_NHOM3_CSDLNC\WebChiaSeHinhAnh\src\main\resources
2023-03-28 12:37:16,361 [Worker-69: Building] WARN  o.e.m.c.i.embedder.EclipseLogger - Using platform encoding (Cp1258 actually) to copy filtered resources, i.e. build is platform dependent!
2023-03-28 12:37:16,362 [Worker-69: Building] INFO  o.e.m.c.i.embedder.EclipseLogger - skip non existing resourceDirectory D:\Tai lieu hoc ki 2 nam 3\CSDL_NC\git\DUAN_NHOM3_CSDLNC\WebChiaSeHinhAnh\src\test\resources
2023-03-28 12:37:46,162 [Worker-68: Building] WARN  o.e.m.c.i.embedder.EclipseLogger - Using platform encoding (Cp1258 actually) to copy filtered resources, i.e. build is platform dependent!
2023-03-28 12:37:46,164 [Worker-68: Building] INFO  o.e.m.c.i.embedder.EclipseLogger - skip non existing resourceDirectory D:\Tai lieu hoc ki 2 nam 3\CSDL_NC\git\DUAN_NHOM3_CSDLNC\WebChiaSeHinhAnh\src\main\resources
2023-03-28 12:37:46,165 [Worker-68: Building] WARN  o.e.m.c.i.embedder.EclipseLogger - Using platform encoding (Cp1258 actually) to copy filtered resources, i.e. build is platform dependent!
2023-03-28 12:37:46,165 [Worker-68: Building] INFO  o.e.m.c.i.embedder.EclipseLogger - skip non existing resourceDirectory D:\Tai lieu hoc ki 2 nam 3\CSDL_NC\git\DUAN_NHOM3_CSDLNC\WebChiaSeHinhAnh\src\test\resources
2023-03-28 12:37:53,908 [Worker-69: Building] WARN  o.e.m.c.i.embedder.EclipseLogger - Using platform encoding (Cp1258 actually) to copy filtered resources, i.e. build is platform dependent!
2023-03-28 12:37:53,909 [Worker-69: Building] INFO  o.e.m.c.i.embedder.EclipseLogger - skip non existing resourceDirectory D:\Tai lieu hoc ki 2 nam 3\CSDL_NC\git\DUAN_NHOM3_CSDLNC\WebChiaSeHinhAnh\src\main\resources
2023-03-28 12:37:53,910 [Worker-69: Building] WARN  o.e.m.c.i.embedder.EclipseLogger - Using platform encoding (Cp1258 actually) to copy filtered resources, i.e. build is platform dependent!
2023-03-28 12:37:53,911 [Worker-69: Building] INFO  o.e.m.c.i.embedder.EclipseLogger - skip non existing resourceDirectory D:\Tai lieu hoc ki 2 nam 3\CSDL_NC\git\DUAN_NHOM3_CSDLNC\WebChiaSeHinhAnh\src\test\resources
2023-03-28 12:38:03,307 [Worker-65: Building] WARN  o.e.m.c.i.embedder.EclipseLogger - Using platform encoding (Cp1258 actually) to copy filtered resources, i.e. build is platform dependent!
2023-03-28 12:38:03,308 [Worker-65: Building] INFO  o.e.m.c.i.embedder.EclipseLogger - skip non existing resourceDirectory D:\Tai lieu hoc ki 2 nam 3\CSDL_NC\git\DUAN_NHOM3_CSDLNC\WebChiaSeHinhAnh\src\main\resources
2023-03-28 12:38:03,309 [Worker-65: Building] WARN  o.e.m.c.i.embedder.EclipseLogger - Using platform encoding (Cp1258 actually) to copy filtered resources, i.e. build is platform dependent!
2023-03-28 12:38:03,310 [Worker-65: Building] INFO  o.e.m.c.i.embedder.EclipseLogger - skip non existing resourceDirectory D:\Tai lieu hoc ki 2 nam 3\CSDL_NC\git\DUAN_NHOM3_CSDLNC\WebChiaSeHinhAnh\src\test\resources
2023-03-28 12:38:07,995 [Worker-70: Building] WARN  o.e.m.c.i.embedder.EclipseLogger - Using platform encoding (Cp1258 actually) to copy filtered resources, i.e. build is platform dependent!
2023-03-28 12:38:07,996 [Worker-70: Building] INFO  o.e.m.c.i.embedder.EclipseLogger - skip non existing resourceDirectory D:\Tai lieu hoc ki 2 nam 3\CSDL_NC\git\DUAN_NHOM3_CSDLNC\WebChiaSeHinhAnh\src\main\resources
2023-03-28 12:38:07,999 [Worker-70: Building] WARN  o.e.m.c.i.embedder.EclipseLogger - Using platform encoding (Cp1258 actually) to copy filtered resources, i.e. build is platform dependent!
2023-03-28 12:38:08,000 [Worker-70: Building] INFO  o.e.m.c.i.embedder.EclipseLogger - skip non existing resourceDirectory D:\Tai lieu hoc ki 2 nam 3\CSDL_NC\git\DUAN_NHOM3_CSDLNC\WebChiaSeHinhAnh\src\test\resources
2023-03-28 12:38:17,566 [Worker-64: Building] WARN  o.e.m.c.i.embedder.EclipseLogger - Using platform encoding (Cp1258 actually) to copy filtered resources, i.e. build is platform dependent!
2023-03-28 12:38:17,567 [Worker-64: Building] INFO  o.e.m.c.i.embedder.EclipseLogger - skip non existing resourceDirectory D:\Tai lieu hoc ki 2 nam 3\CSDL_NC\git\DUAN_NHOM3_CSDLNC\WebChiaSeHinhAnh\src\main\resources
2023-03-28 12:38:17,568 [Worker-64: Building] WARN  o.e.m.c.i.embedder.EclipseLogger - Using platform encoding (Cp1258 actually) to copy filtered resources, i.e. build is platform dependent!
2023-03-28 12:38:17,569 [Worker-64: Building] INFO  o.e.m.c.i.embedder.EclipseLogger - skip non existing resourceDirectory D:\Tai lieu hoc ki 2 nam 3\CSDL_NC\git\DUAN_NHOM3_CSDLNC\WebChiaSeHinhAnh\src\test\resources
2023-03-28 12:40:25,722 [Worker-73: Building] WARN  o.e.m.c.i.embedder.EclipseLogger - Using platform encoding (Cp1258 actually) to copy filtered resources, i.e. build is platform dependent!
2023-03-28 12:40:25,723 [Worker-73: Building] INFO  o.e.m.c.i.embedder.EclipseLogger - skip non existing resourceDirectory D:\Tai lieu hoc ki 2 nam 3\CSDL_NC\git\DUAN_NHOM3_CSDLNC\WebChiaSeHinhAnh\src\main\resources
2023-03-28 12:40:25,725 [Worker-73: Building] WARN  o.e.m.c.i.embedder.EclipseLogger - Using platform encoding (Cp1258 actually) to copy filtered resources, i.e. build is platform dependent!
2023-03-28 12:40:25,726 [Worker-73: Building] INFO  o.e.m.c.i.embedder.EclipseLogger - skip non existing resourceDirectory D:\Tai lieu hoc ki 2 nam 3\CSDL_NC\git\DUAN_NHOM3_CSDLNC\WebChiaSeHinhAnh\src\test\resources
2023-03-28 12:48:26,087 [Worker-46: Building] WARN  o.e.m.c.i.embedder.EclipseLogger - Using platform encoding (Cp1258 actually) to copy filtered resources, i.e. build is platform dependent!
2023-03-28 12:48:26,087 [Worker-46: Building] INFO  o.e.m.c.i.embedder.EclipseLogger - skip non existing resourceDirectory D:\Tai lieu hoc ki 2 nam 3\CSDL_NC\git\DUAN_NHOM3_CSDLNC\WebChiaSeHinhAnh\src\main\resources
2023-03-28 12:48:26,089 [Worker-46: Building] WARN  o.e.m.c.i.embedder.EclipseLogger - Using platform encoding (Cp1258 actually) to copy filtered resources, i.e. build is platform dependent!
2023-03-28 12:48:26,090 [Worker-46: Building] INFO  o.e.m.c.i.embedder.EclipseLogger - skip non existing resourceDirectory D:\Tai lieu hoc ki 2 nam 3\CSDL_NC\git\DUAN_NHOM3_CSDLNC\WebChiaSeHinhAnh\src\test\resources
2023-03-28 12:49:06,896 [Worker-46: Building] WARN  o.e.m.c.i.embedder.EclipseLogger - Using platform encoding (Cp1258 actually) to copy filtered resources, i.e. build is platform dependent!
2023-03-28 12:49:06,897 [Worker-46: Building] INFO  o.e.m.c.i.embedder.EclipseLogger - skip non existing resourceDirectory D:\Tai lieu hoc ki 2 nam 3\CSDL_NC\git\DUAN_NHOM3_CSDLNC\WebChiaSeHinhAnh\src\main\resources
2023-03-28 12:49:06,898 [Worker-46: Building] WARN  o.e.m.c.i.embedder.EclipseLogger - Using platform encoding (Cp1258 actually) to copy filtered resources, i.e. build is platform dependent!
2023-03-28 12:49:06,899 [Worker-46: Building] INFO  o.e.m.c.i.embedder.EclipseLogger - skip non existing resourceDirectory D:\Tai lieu hoc ki 2 nam 3\CSDL_NC\git\DUAN_NHOM3_CSDLNC\WebChiaSeHinhAnh\src\test\resources
2023-03-28 12:49:21,765 [Worker-77: Building] WARN  o.e.m.c.i.embedder.EclipseLogger - Using platform encoding (Cp1258 actually) to copy filtered resources, i.e. build is platform dependent!
2023-03-28 12:49:21,766 [Worker-77: Building] INFO  o.e.m.c.i.embedder.EclipseLogger - skip non existing resourceDirectory D:\Tai lieu hoc ki 2 nam 3\CSDL_NC\git\DUAN_NHOM3_CSDLNC\WebChiaSeHinhAnh\src\main\resources
2023-03-28 12:49:21,767 [Worker-77: Building] WARN  o.e.m.c.i.embedder.EclipseLogger - Using platform encoding (Cp1258 actually) to copy filtered resources, i.e. build is platform dependent!
2023-03-28 12:49:21,768 [Worker-77: Building] INFO  o.e.m.c.i.embedder.EclipseLogger - skip non existing resourceDirectory D:\Tai lieu hoc ki 2 nam 3\CSDL_NC\git\DUAN_NHOM3_CSDLNC\WebChiaSeHinhAnh\src\test\resources
2023-03-28 12:50:17,538 [Worker-77: Building] WARN  o.e.m.c.i.embedder.EclipseLogger - Using platform encoding (Cp1258 actually) to copy filtered resources, i.e. build is platform dependent!
2023-03-28 12:50:17,539 [Worker-77: Building] INFO  o.e.m.c.i.embedder.EclipseLogger - skip non existing resourceDirectory D:\Tai lieu hoc ki 2 nam 3\CSDL_NC\git\DUAN_NHOM3_CSDLNC\WebChiaSeHinhAnh\src\main\resources
2023-03-28 12:50:17,540 [Worker-77: Building] WARN  o.e.m.c.i.embedder.EclipseLogger - Using platform encoding (Cp1258 actually) to copy filtered resources, i.e. build is platform dependent!
2023-03-28 12:50:17,541 [Worker-77: Building] INFO  o.e.m.c.i.embedder.EclipseLogger - skip non existing resourceDirectory D:\Tai lieu hoc ki 2 nam 3\CSDL_NC\git\DUAN_NHOM3_CSDLNC\WebChiaSeHinhAnh\src\test\resources
2023-03-28 12:50:24,999 [Worker-46: Building] WARN  o.e.m.c.i.embedder.EclipseLogger - Using platform encoding (Cp1258 actually) to copy filtered resources, i.e. build is platform dependent!
2023-03-28 12:50:25,000 [Worker-46: Building] INFO  o.e.m.c.i.embedder.EclipseLogger - skip non existing resourceDirectory D:\Tai lieu hoc ki 2 nam 3\CSDL_NC\git\DUAN_NHOM3_CSDLNC\WebChiaSeHinhAnh\src\main\resources
2023-03-28 12:50:25,002 [Worker-46: Building] WARN  o.e.m.c.i.embedder.EclipseLogger - Using platform encoding (Cp1258 actually) to copy filtered resources, i.e. build is platform dependent!
2023-03-28 12:50:25,002 [Worker-46: Building] INFO  o.e.m.c.i.embedder.EclipseLogger - skip non existing resourceDirectory D:\Tai lieu hoc ki 2 nam 3\CSDL_NC\git\DUAN_NHOM3_CSDLNC\WebChiaSeHinhAnh\src\test\resources
2023-03-28 12:51:35,731 [Worker-66: Building] WARN  o.e.m.c.i.embedder.EclipseLogger - Using platform encoding (Cp1258 actually) to copy filtered resources, i.e. build is platform dependent!
2023-03-28 12:51:35,732 [Worker-66: Building] INFO  o.e.m.c.i.embedder.EclipseLogger - skip non existing resourceDirectory D:\Tai lieu hoc ki 2 nam 3\CSDL_NC\git\DUAN_NHOM3_CSDLNC\WebChiaSeHinhAnh\src\main\resources
2023-03-28 12:51:35,732 [Worker-66: Building] WARN  o.e.m.c.i.embedder.EclipseLogger - Using platform encoding (Cp1258 actually) to copy filtered resources, i.e. build is platform dependent!
2023-03-28 12:51:35,733 [Worker-66: Building] INFO  o.e.m.c.i.embedder.EclipseLogger - skip non existing resourceDirectory D:\Tai lieu hoc ki 2 nam 3\CSDL_NC\git\DUAN_NHOM3_CSDLNC\WebChiaSeHinhAnh\src\test\resources
2023-03-28 12:53:14,147 [Worker-78: Building] WARN  o.e.m.c.i.embedder.EclipseLogger - Using platform encoding (Cp1258 actually) to copy filtered resources, i.e. build is platform dependent!
2023-03-28 12:53:14,148 [Worker-78: Building] INFO  o.e.m.c.i.embedder.EclipseLogger - skip non existing resourceDirectory D:\Tai lieu hoc ki 2 nam 3\CSDL_NC\git\DUAN_NHOM3_CSDLNC\WebChiaSeHinhAnh\src\main\resources
2023-03-28 12:53:14,151 [Worker-78: Building] WARN  o.e.m.c.i.embedder.EclipseLogger - Using platform encoding (Cp1258 actually) to copy filtered resources, i.e. build is platform dependent!
2023-03-28 12:53:14,152 [Worker-78: Building] INFO  o.e.m.c.i.embedder.EclipseLogger - skip non existing resourceDirectory D:\Tai lieu hoc ki 2 nam 3\CSDL_NC\git\DUAN_NHOM3_CSDLNC\WebChiaSeHinhAnh\src\test\resources
2023-03-28 12:55:03,833 [Worker-83: Building] WARN  o.e.m.c.i.embedder.EclipseLogger - Using platform encoding (Cp1258 actually) to copy filtered resources, i.e. build is platform dependent!
2023-03-28 12:55:03,834 [Worker-83: Building] INFO  o.e.m.c.i.embedder.EclipseLogger - skip non existing resourceDirectory D:\Tai lieu hoc ki 2 nam 3\CSDL_NC\git\DUAN_NHOM3_CSDLNC\WebChiaSeHinhAnh\src\main\resources
2023-03-28 12:55:03,836 [Worker-83: Building] WARN  o.e.m.c.i.embedder.EclipseLogger - Using platform encoding (Cp1258 actually) to copy filtered resources, i.e. build is platform dependent!
2023-03-28 12:55:03,837 [Worker-83: Building] INFO  o.e.m.c.i.embedder.EclipseLogger - skip non existing resourceDirectory D:\Tai lieu hoc ki 2 nam 3\CSDL_NC\git\DUAN_NHOM3_CSDLNC\WebChiaSeHinhAnh\src\test\resources
2023-03-28 18:17:18,805 [Worker-6: Loading available Gradle versions] INFO  o.e.b.c.i.u.g.PublishedGradleVersions - Gradle version information cache is out-of-date. Trying to update.
2023-03-28 18:17:36,378 [Worker-32: Building] WARN  o.e.m.c.i.embedder.EclipseLogger - Using platform encoding (Cp1258 actually) to copy filtered resources, i.e. build is platform dependent!
2023-03-28 18:17:36,380 [Worker-32: Building] INFO  o.e.m.c.i.embedder.EclipseLogger - skip non existing resourceDirectory D:\Tai lieu hoc ki 2 nam 3\CSDL_NC\git\DUAN_NHOM3_CSDLNC\WebChiaSeHinhAnh\src\main\resources
2023-03-28 18:17:36,385 [Worker-32: Building] WARN  o.e.m.c.i.embedder.EclipseLogger - Using platform encoding (Cp1258 actually) to copy filtered resources, i.e. build is platform dependent!
2023-03-28 18:17:36,386 [Worker-32: Building] INFO  o.e.m.c.i.embedder.EclipseLogger - skip non existing resourceDirectory D:\Tai lieu hoc ki 2 nam 3\CSDL_NC\git\DUAN_NHOM3_CSDLNC\WebChiaSeHinhAnh\src\test\resources
2023-03-28 18:34:19,449 [Worker-38: Building] WARN  o.e.m.c.i.embedder.EclipseLogger - Using platform encoding (Cp1258 actually) to copy filtered resources, i.e. build is platform dependent!
2023-03-28 18:34:19,451 [Worker-38: Building] INFO  o.e.m.c.i.embedder.EclipseLogger - skip non existing resourceDirectory D:\Tai lieu hoc ki 2 nam 3\CSDL_NC\git\DUAN_NHOM3_CSDLNC\WebChiaSeHinhAnh\src\main\resources
2023-03-28 18:34:19,456 [Worker-38: Building] WARN  o.e.m.c.i.embedder.EclipseLogger - Using platform encoding (Cp1258 actually) to copy filtered resources, i.e. build is platform dependent!
2023-03-28 18:34:19,457 [Worker-38: Building] INFO  o.e.m.c.i.embedder.EclipseLogger - skip non existing resourceDirectory D:\Tai lieu hoc ki 2 nam 3\CSDL_NC\git\DUAN_NHOM3_CSDLNC\WebChiaSeHinhAnh\src\test\resources
2023-03-28 18:34:23,093 [Worker-43: Building] WARN  o.e.m.c.i.embedder.EclipseLogger - Using platform encoding (Cp1258 actually) to copy filtered resources, i.e. build is platform dependent!
2023-03-28 18:34:23,095 [Worker-43: Building] INFO  o.e.m.c.i.embedder.EclipseLogger - skip non existing resourceDirectory D:\Tai lieu hoc ki 2 nam 3\CSDL_NC\git\DUAN_NHOM3_CSDLNC\WebChiaSeHinhAnh\src\main\resources
2023-03-28 18:34:23,100 [Worker-43: Building] WARN  o.e.m.c.i.embedder.EclipseLogger - Using platform encoding (Cp1258 actually) to copy filtered resources, i.e. build is platform dependent!
2023-03-28 18:34:23,102 [Worker-43: Building] INFO  o.e.m.c.i.embedder.EclipseLogger - skip non existing resourceDirectory D:\Tai lieu hoc ki 2 nam 3\CSDL_NC\git\DUAN_NHOM3_CSDLNC\WebChiaSeHinhAnh\src\test\resources
2023-03-28 18:36:25,831 [Worker-43: Building] WARN  o.e.m.c.i.embedder.EclipseLogger - Using platform encoding (Cp1258 actually) to copy filtered resources, i.e. build is platform dependent!
2023-03-28 18:36:25,832 [Worker-43: Building] INFO  o.e.m.c.i.embedder.EclipseLogger - skip non existing resourceDirectory D:\Tai lieu hoc ki 2 nam 3\CSDL_NC\git\DUAN_NHOM3_CSDLNC\WebChiaSeHinhAnh\src\main\resources
2023-03-28 18:36:25,837 [Worker-43: Building] WARN  o.e.m.c.i.embedder.EclipseLogger - Using platform encoding (Cp1258 actually) to copy filtered resources, i.e. build is platform dependent!
2023-03-28 18:36:25,838 [Worker-43: Building] INFO  o.e.m.c.i.embedder.EclipseLogger - skip non existing resourceDirectory D:\Tai lieu hoc ki 2 nam 3\CSDL_NC\git\DUAN_NHOM3_CSDLNC\WebChiaSeHinhAnh\src\test\resources
2023-03-28 18:36:31,368 [Worker-45: Building] WARN  o.e.m.c.i.embedder.EclipseLogger - Using platform encoding (Cp1258 actually) to copy filtered resources, i.e. build is platform dependent!
2023-03-28 18:36:31,370 [Worker-45: Building] INFO  o.e.m.c.i.embedder.EclipseLogger - skip non existing resourceDirectory D:\Tai lieu hoc ki 2 nam 3\CSDL_NC\git\DUAN_NHOM3_CSDLNC\WebChiaSeHinhAnh\src\main\resources
2023-03-28 18:36:31,375 [Worker-45: Building] WARN  o.e.m.c.i.embedder.EclipseLogger - Using platform encoding (Cp1258 actually) to copy filtered resources, i.e. build is platform dependent!
2023-03-28 18:36:31,377 [Worker-45: Building] INFO  o.e.m.c.i.embedder.EclipseLogger - skip non existing resourceDirectory D:\Tai lieu hoc ki 2 nam 3\CSDL_NC\git\DUAN_NHOM3_CSDLNC\WebChiaSeHinhAnh\src\test\resources
2023-03-28 18:37:00,054 [Worker-45: Building] WARN  o.e.m.c.i.embedder.EclipseLogger - Using platform encoding (Cp1258 actually) to copy filtered resources, i.e. build is platform dependent!
2023-03-28 18:37:00,055 [Worker-45: Building] INFO  o.e.m.c.i.embedder.EclipseLogger - skip non existing resourceDirectory D:\Tai lieu hoc ki 2 nam 3\CSDL_NC\git\DUAN_NHOM3_CSDLNC\WebChiaSeHinhAnh\src\main\resources
2023-03-28 18:37:00,059 [Worker-45: Building] WARN  o.e.m.c.i.embedder.EclipseLogger - Using platform encoding (Cp1258 actually) to copy filtered resources, i.e. build is platform dependent!
2023-03-28 18:37:00,060 [Worker-45: Building] INFO  o.e.m.c.i.embedder.EclipseLogger - skip non existing resourceDirectory D:\Tai lieu hoc ki 2 nam 3\CSDL_NC\git\DUAN_NHOM3_CSDLNC\WebChiaSeHinhAnh\src\test\resources
2023-03-28 18:38:47,424 [Worker-45: Building] WARN  o.e.m.c.i.embedder.EclipseLogger - Using platform encoding (Cp1258 actually) to copy filtered resources, i.e. build is platform dependent!
2023-03-28 18:38:47,426 [Worker-45: Building] INFO  o.e.m.c.i.embedder.EclipseLogger - skip non existing resourceDirectory D:\Tai lieu hoc ki 2 nam 3\CSDL_NC\git\DUAN_NHOM3_CSDLNC\WebChiaSeHinhAnh\src\main\resources
2023-03-28 18:38:47,430 [Worker-45: Building] WARN  o.e.m.c.i.embedder.EclipseLogger - Using platform encoding (Cp1258 actually) to copy filtered resources, i.e. build is platform dependent!
2023-03-28 18:38:47,432 [Worker-45: Building] INFO  o.e.m.c.i.embedder.EclipseLogger - skip non existing resourceDirectory D:\Tai lieu hoc ki 2 nam 3\CSDL_NC\git\DUAN_NHOM3_CSDLNC\WebChiaSeHinhAnh\src\test\resources
2023-03-28 18:40:52,867 [Worker-47: Building] WARN  o.e.m.c.i.embedder.EclipseLogger - Using platform encoding (Cp1258 actually) to copy filtered resources, i.e. build is platform dependent!
2023-03-28 18:40:52,869 [Worker-47: Building] INFO  o.e.m.c.i.embedder.EclipseLogger - skip non existing resourceDirectory D:\Tai lieu hoc ki 2 nam 3\CSDL_NC\git\DUAN_NHOM3_CSDLNC\WebChiaSeHinhAnh\src\main\resources
2023-03-28 18:40:52,877 [Worker-47: Building] WARN  o.e.m.c.i.embedder.EclipseLogger - Using platform encoding (Cp1258 actually) to copy filtered resources, i.e. build is platform dependent!
2023-03-28 18:40:52,879 [Worker-47: Building] INFO  o.e.m.c.i.embedder.EclipseLogger - skip non existing resourceDirectory D:\Tai lieu hoc ki 2 nam 3\CSDL_NC\git\DUAN_NHOM3_CSDLNC\WebChiaSeHinhAnh\src\test\resources
2023-03-28 18:41:08,305 [Worker-45: Building] WARN  o.e.m.c.i.embedder.EclipseLogger - Using platform encoding (Cp1258 actually) to copy filtered resources, i.e. build is platform dependent!
2023-03-28 18:41:08,307 [Worker-45: Building] INFO  o.e.m.c.i.embedder.EclipseLogger - skip non existing resourceDirectory D:\Tai lieu hoc ki 2 nam 3\CSDL_NC\git\DUAN_NHOM3_CSDLNC\WebChiaSeHinhAnh\src\main\resources
2023-03-28 18:41:08,311 [Worker-45: Building] WARN  o.e.m.c.i.embedder.EclipseLogger - Using platform encoding (Cp1258 actually) to copy filtered resources, i.e. build is platform dependent!
2023-03-28 18:41:08,313 [Worker-45: Building] INFO  o.e.m.c.i.embedder.EclipseLogger - skip non existing resourceDirectory D:\Tai lieu hoc ki 2 nam 3\CSDL_NC\git\DUAN_NHOM3_CSDLNC\WebChiaSeHinhAnh\src\test\resources
2023-03-28 18:41:38,274 [Worker-47: Building] WARN  o.e.m.c.i.embedder.EclipseLogger - Using platform encoding (Cp1258 actually) to copy filtered resources, i.e. build is platform dependent!
2023-03-28 18:41:38,276 [Worker-47: Building] INFO  o.e.m.c.i.embedder.EclipseLogger - skip non existing resourceDirectory D:\Tai lieu hoc ki 2 nam 3\CSDL_NC\git\DUAN_NHOM3_CSDLNC\WebChiaSeHinhAnh\src\main\resources
2023-03-28 18:41:38,279 [Worker-47: Building] WARN  o.e.m.c.i.embedder.EclipseLogger - Using platform encoding (Cp1258 actually) to copy filtered resources, i.e. build is platform dependent!
2023-03-28 18:41:38,280 [Worker-47: Building] INFO  o.e.m.c.i.embedder.EclipseLogger - skip non existing resourceDirectory D:\Tai lieu hoc ki 2 nam 3\CSDL_NC\git\DUAN_NHOM3_CSDLNC\WebChiaSeHinhAnh\src\test\resources
2023-03-28 18:50:18,737 [Worker-45: Building] WARN  o.e.m.c.i.embedder.EclipseLogger - Using platform encoding (Cp1258 actually) to copy filtered resources, i.e. build is platform dependent!
2023-03-28 18:50:18,739 [Worker-45: Building] INFO  o.e.m.c.i.embedder.EclipseLogger - skip non existing resourceDirectory D:\Tai lieu hoc ki 2 nam 3\CSDL_NC\git\DUAN_NHOM3_CSDLNC\WebChiaSeHinhAnh\src\main\resources
2023-03-28 18:50:18,742 [Worker-45: Building] WARN  o.e.m.c.i.embedder.EclipseLogger - Using platform encoding (Cp1258 actually) to copy filtered resources, i.e. build is platform dependent!
2023-03-28 18:50:18,744 [Worker-45: Building] INFO  o.e.m.c.i.embedder.EclipseLogger - skip non existing resourceDirectory D:\Tai lieu hoc ki 2 nam 3\CSDL_NC\git\DUAN_NHOM3_CSDLNC\WebChiaSeHinhAnh\src\test\resources
2023-03-28 18:52:04,551 [Worker-52: Building] WARN  o.e.m.c.i.embedder.EclipseLogger - Using platform encoding (Cp1258 actually) to copy filtered resources, i.e. build is platform dependent!
2023-03-28 18:52:04,553 [Worker-52: Building] INFO  o.e.m.c.i.embedder.EclipseLogger - skip non existing resourceDirectory D:\Tai lieu hoc ki 2 nam 3\CSDL_NC\git\DUAN_NHOM3_CSDLNC\WebChiaSeHinhAnh\src\main\resources
2023-03-28 18:52:04,557 [Worker-52: Building] WARN  o.e.m.c.i.embedder.EclipseLogger - Using platform encoding (Cp1258 actually) to copy filtered resources, i.e. build is platform dependent!
2023-03-28 18:52:04,559 [Worker-52: Building] INFO  o.e.m.c.i.embedder.EclipseLogger - skip non existing resourceDirectory D:\Tai lieu hoc ki 2 nam 3\CSDL_NC\git\DUAN_NHOM3_CSDLNC\WebChiaSeHinhAnh\src\test\resources
2023-03-28 18:54:05,855 [Worker-52: Building] WARN  o.e.m.c.i.embedder.EclipseLogger - Using platform encoding (Cp1258 actually) to copy filtered resources, i.e. build is platform dependent!
2023-03-28 18:54:05,857 [Worker-52: Building] INFO  o.e.m.c.i.embedder.EclipseLogger - skip non existing resourceDirectory D:\Tai lieu hoc ki 2 nam 3\CSDL_NC\git\DUAN_NHOM3_CSDLNC\WebChiaSeHinhAnh\src\main\resources
2023-03-28 18:54:05,862 [Worker-52: Building] WARN  o.e.m.c.i.embedder.EclipseLogger - Using platform encoding (Cp1258 actually) to copy filtered resources, i.e. build is platform dependent!
2023-03-28 18:54:05,864 [Worker-52: Building] INFO  o.e.m.c.i.embedder.EclipseLogger - skip non existing resourceDirectory D:\Tai lieu hoc ki 2 nam 3\CSDL_NC\git\DUAN_NHOM3_CSDLNC\WebChiaSeHinhAnh\src\test\resources
2023-03-28 18:54:09,699 [Worker-54: Building] WARN  o.e.m.c.i.embedder.EclipseLogger - Using platform encoding (Cp1258 actually) to copy filtered resources, i.e. build is platform dependent!
2023-03-28 18:54:09,701 [Worker-54: Building] INFO  o.e.m.c.i.embedder.EclipseLogger - skip non existing resourceDirectory D:\Tai lieu hoc ki 2 nam 3\CSDL_NC\git\DUAN_NHOM3_CSDLNC\WebChiaSeHinhAnh\src\main\resources
2023-03-28 18:54:09,705 [Worker-54: Building] WARN  o.e.m.c.i.embedder.EclipseLogger - Using platform encoding (Cp1258 actually) to copy filtered resources, i.e. build is platform dependent!
2023-03-28 18:54:09,706 [Worker-54: Building] INFO  o.e.m.c.i.embedder.EclipseLogger - skip non existing resourceDirectory D:\Tai lieu hoc ki 2 nam 3\CSDL_NC\git\DUAN_NHOM3_CSDLNC\WebChiaSeHinhAnh\src\test\resources
2023-03-28 18:55:11,504 [Worker-55: Building] WARN  o.e.m.c.i.embedder.EclipseLogger - Using platform encoding (Cp1258 actually) to copy filtered resources, i.e. build is platform dependent!
2023-03-28 18:55:11,506 [Worker-55: Building] INFO  o.e.m.c.i.embedder.EclipseLogger - skip non existing resourceDirectory D:\Tai lieu hoc ki 2 nam 3\CSDL_NC\git\DUAN_NHOM3_CSDLNC\WebChiaSeHinhAnh\src\main\resources
2023-03-28 18:55:11,511 [Worker-55: Building] WARN  o.e.m.c.i.embedder.EclipseLogger - Using platform encoding (Cp1258 actually) to copy filtered resources, i.e. build is platform dependent!
2023-03-28 18:55:11,512 [Worker-55: Building] INFO  o.e.m.c.i.embedder.EclipseLogger - skip non existing resourceDirectory D:\Tai lieu hoc ki 2 nam 3\CSDL_NC\git\DUAN_NHOM3_CSDLNC\WebChiaSeHinhAnh\src\test\resources
2023-03-28 18:55:33,437 [Worker-55: Building] WARN  o.e.m.c.i.embedder.EclipseLogger - Using platform encoding (Cp1258 actually) to copy filtered resources, i.e. build is platform dependent!
2023-03-28 18:55:33,438 [Worker-55: Building] INFO  o.e.m.c.i.embedder.EclipseLogger - skip non existing resourceDirectory D:\Tai lieu hoc ki 2 nam 3\CSDL_NC\git\DUAN_NHOM3_CSDLNC\WebChiaSeHinhAnh\src\main\resources
2023-03-28 18:55:33,446 [Worker-55: Building] WARN  o.e.m.c.i.embedder.EclipseLogger - Using platform encoding (Cp1258 actually) to copy filtered resources, i.e. build is platform dependent!
2023-03-28 18:55:33,447 [Worker-55: Building] INFO  o.e.m.c.i.embedder.EclipseLogger - skip non existing resourceDirectory D:\Tai lieu hoc ki 2 nam 3\CSDL_NC\git\DUAN_NHOM3_CSDLNC\WebChiaSeHinhAnh\src\test\resources
2023-03-28 18:56:02,522 [Worker-55: Building] WARN  o.e.m.c.i.embedder.EclipseLogger - Using platform encoding (Cp1258 actually) to copy filtered resources, i.e. build is platform dependent!
2023-03-28 18:56:02,523 [Worker-55: Building] INFO  o.e.m.c.i.embedder.EclipseLogger - skip non existing resourceDirectory D:\Tai lieu hoc ki 2 nam 3\CSDL_NC\git\DUAN_NHOM3_CSDLNC\WebChiaSeHinhAnh\src\main\resources
2023-03-28 18:56:02,527 [Worker-55: Building] WARN  o.e.m.c.i.embedder.EclipseLogger - Using platform encoding (Cp1258 actually) to copy filtered resources, i.e. build is platform dependent!
2023-03-28 18:56:02,529 [Worker-55: Building] INFO  o.e.m.c.i.embedder.EclipseLogger - skip non existing resourceDirectory D:\Tai lieu hoc ki 2 nam 3\CSDL_NC\git\DUAN_NHOM3_CSDLNC\WebChiaSeHinhAnh\src\test\resources
2023-03-28 18:56:08,384 [Worker-54: Building] WARN  o.e.m.c.i.embedder.EclipseLogger - Using platform encoding (Cp1258 actually) to copy filtered resources, i.e. build is platform dependent!
2023-03-28 18:56:08,386 [Worker-54: Building] INFO  o.e.m.c.i.embedder.EclipseLogger - skip non existing resourceDirectory D:\Tai lieu hoc ki 2 nam 3\CSDL_NC\git\DUAN_NHOM3_CSDLNC\WebChiaSeHinhAnh\src\main\resources
2023-03-28 18:56:08,390 [Worker-54: Building] WARN  o.e.m.c.i.embedder.EclipseLogger - Using platform encoding (Cp1258 actually) to copy filtered resources, i.e. build is platform dependent!
2023-03-28 18:56:08,392 [Worker-54: Building] INFO  o.e.m.c.i.embedder.EclipseLogger - skip non existing resourceDirectory D:\Tai lieu hoc ki 2 nam 3\CSDL_NC\git\DUAN_NHOM3_CSDLNC\WebChiaSeHinhAnh\src\test\resources
2023-03-28 18:58:05,145 [Worker-55: Building] WARN  o.e.m.c.i.embedder.EclipseLogger - Using platform encoding (Cp1258 actually) to copy filtered resources, i.e. build is platform dependent!
2023-03-28 18:58:05,147 [Worker-55: Building] INFO  o.e.m.c.i.embedder.EclipseLogger - skip non existing resourceDirectory D:\Tai lieu hoc ki 2 nam 3\CSDL_NC\git\DUAN_NHOM3_CSDLNC\WebChiaSeHinhAnh\src\main\resources
2023-03-28 18:58:05,152 [Worker-55: Building] WARN  o.e.m.c.i.embedder.EclipseLogger - Using platform encoding (Cp1258 actually) to copy filtered resources, i.e. build is platform dependent!
2023-03-28 18:58:05,155 [Worker-55: Building] INFO  o.e.m.c.i.embedder.EclipseLogger - skip non existing resourceDirectory D:\Tai lieu hoc ki 2 nam 3\CSDL_NC\git\DUAN_NHOM3_CSDLNC\WebChiaSeHinhAnh\src\test\resources
2023-04-01 19:20:50,338 [Worker-4: Loading available Gradle versions] INFO  o.e.b.c.i.u.g.PublishedGradleVersions - Gradle version information cache is up-to-date. Trying to read.
2023-04-01 19:22:14,565 [Worker-8: Building] WARN  o.e.m.c.i.embedder.EclipseLogger - Using platform encoding (Cp1258 actually) to copy filtered resources, i.e. build is platform dependent!
2023-04-01 19:22:14,568 [Worker-8: Building] INFO  o.e.m.c.i.embedder.EclipseLogger - skip non existing resourceDirectory D:\Tai lieu hoc ki 2 nam 3\CSDL_NC\git\DUAN_NHOM3_CSDLNC\WebChiaSeHinhAnh\src\main\resources
2023-04-01 19:22:14,576 [Worker-8: Building] WARN  o.e.m.c.i.embedder.EclipseLogger - Using platform encoding (Cp1258 actually) to copy filtered resources, i.e. build is platform dependent!
2023-04-01 19:22:14,577 [Worker-8: Building] INFO  o.e.m.c.i.embedder.EclipseLogger - skip non existing resourceDirectory D:\Tai lieu hoc ki 2 nam 3\CSDL_NC\git\DUAN_NHOM3_CSDLNC\WebChiaSeHinhAnh\src\test\resources
2023-04-01 19:22:25,514 [Worker-4: Building] WARN  o.e.m.c.i.embedder.EclipseLogger - Using platform encoding (Cp1258 actually) to copy filtered resources, i.e. build is platform dependent!
2023-04-01 19:22:25,516 [Worker-4: Building] INFO  o.e.m.c.i.embedder.EclipseLogger - skip non existing resourceDirectory D:\Tai lieu hoc ki 2 nam 3\CSDL_NC\git\DUAN_NHOM3_CSDLNC\WebChiaSeHinhAnh\src\main\resources
2023-04-01 19:22:25,520 [Worker-4: Building] WARN  o.e.m.c.i.embedder.EclipseLogger - Using platform encoding (Cp1258 actually) to copy filtered resources, i.e. build is platform dependent!
2023-04-01 19:22:25,522 [Worker-4: Building] INFO  o.e.m.c.i.embedder.EclipseLogger - skip non existing resourceDirectory D:\Tai lieu hoc ki 2 nam 3\CSDL_NC\git\DUAN_NHOM3_CSDLNC\WebChiaSeHinhAnh\src\test\resources
2023-04-01 19:22:37,845 [Worker-16: Building] WARN  o.e.m.c.i.embedder.EclipseLogger - Using platform encoding (Cp1258 actually) to copy filtered resources, i.e. build is platform dependent!
2023-04-01 19:22:37,846 [Worker-16: Building] INFO  o.e.m.c.i.embedder.EclipseLogger - skip non existing resourceDirectory D:\Tai lieu hoc ki 2 nam 3\CSDL_NC\git\DUAN_NHOM3_CSDLNC\WebChiaSeHinhAnh\src\main\resources
2023-04-01 19:22:37,849 [Worker-16: Building] WARN  o.e.m.c.i.embedder.EclipseLogger - Using platform encoding (Cp1258 actually) to copy filtered resources, i.e. build is platform dependent!
2023-04-01 19:22:37,850 [Worker-16: Building] INFO  o.e.m.c.i.embedder.EclipseLogger - skip non existing resourceDirectory D:\Tai lieu hoc ki 2 nam 3\CSDL_NC\git\DUAN_NHOM3_CSDLNC\WebChiaSeHinhAnh\src\test\resources
2023-04-01 19:23:59,278 [Worker-2: Building] WARN  o.e.m.c.i.embedder.EclipseLogger - Using platform encoding (Cp1258 actually) to copy filtered resources, i.e. build is platform dependent!
2023-04-01 19:23:59,279 [Worker-2: Building] INFO  o.e.m.c.i.embedder.EclipseLogger - skip non existing resourceDirectory D:\Tai lieu hoc ki 2 nam 3\CSDL_NC\git\DUAN_NHOM3_CSDLNC\WebChiaSeHinhAnh\src\main\resources
2023-04-01 19:23:59,283 [Worker-2: Building] WARN  o.e.m.c.i.embedder.EclipseLogger - Using platform encoding (Cp1258 actually) to copy filtered resources, i.e. build is platform dependent!
2023-04-01 19:23:59,285 [Worker-2: Building] INFO  o.e.m.c.i.embedder.EclipseLogger - skip non existing resourceDirectory D:\Tai lieu hoc ki 2 nam 3\CSDL_NC\git\DUAN_NHOM3_CSDLNC\WebChiaSeHinhAnh\src\test\resources
2023-04-01 19:24:09,390 [Worker-33: Building] WARN  o.e.m.c.i.embedder.EclipseLogger - Using platform encoding (Cp1258 actually) to copy filtered resources, i.e. build is platform dependent!
2023-04-01 19:24:09,391 [Worker-33: Building] INFO  o.e.m.c.i.embedder.EclipseLogger - skip non existing resourceDirectory D:\Tai lieu hoc ki 2 nam 3\CSDL_NC\git\DUAN_NHOM3_CSDLNC\WebChiaSeHinhAnh\src\main\resources
2023-04-01 19:24:09,395 [Worker-33: Building] WARN  o.e.m.c.i.embedder.EclipseLogger - Using platform encoding (Cp1258 actually) to copy filtered resources, i.e. build is platform dependent!
2023-04-01 19:24:09,398 [Worker-33: Building] INFO  o.e.m.c.i.embedder.EclipseLogger - skip non existing resourceDirectory D:\Tai lieu hoc ki 2 nam 3\CSDL_NC\git\DUAN_NHOM3_CSDLNC\WebChiaSeHinhAnh\src\test\resources
2023-04-01 19:24:24,594 [Worker-2: Building] WARN  o.e.m.c.i.embedder.EclipseLogger - Using platform encoding (Cp1258 actually) to copy filtered resources, i.e. build is platform dependent!
2023-04-01 19:24:24,596 [Worker-2: Building] INFO  o.e.m.c.i.embedder.EclipseLogger - skip non existing resourceDirectory D:\Tai lieu hoc ki 2 nam 3\CSDL_NC\git\DUAN_NHOM3_CSDLNC\WebChiaSeHinhAnh\src\main\resources
2023-04-01 19:24:24,600 [Worker-2: Building] WARN  o.e.m.c.i.embedder.EclipseLogger - Using platform encoding (Cp1258 actually) to copy filtered resources, i.e. build is platform dependent!
2023-04-01 19:24:24,601 [Worker-2: Building] INFO  o.e.m.c.i.embedder.EclipseLogger - skip non existing resourceDirectory D:\Tai lieu hoc ki 2 nam 3\CSDL_NC\git\DUAN_NHOM3_CSDLNC\WebChiaSeHinhAnh\src\test\resources
2023-04-01 19:24:47,878 [Worker-33: Building] WARN  o.e.m.c.i.embedder.EclipseLogger - Using platform encoding (Cp1258 actually) to copy filtered resources, i.e. build is platform dependent!
2023-04-01 19:24:47,879 [Worker-33: Building] INFO  o.e.m.c.i.embedder.EclipseLogger - skip non existing resourceDirectory D:\Tai lieu hoc ki 2 nam 3\CSDL_NC\git\DUAN_NHOM3_CSDLNC\WebChiaSeHinhAnh\src\main\resources
2023-04-01 19:24:47,882 [Worker-33: Building] WARN  o.e.m.c.i.embedder.EclipseLogger - Using platform encoding (Cp1258 actually) to copy filtered resources, i.e. build is platform dependent!
2023-04-01 19:24:47,883 [Worker-33: Building] INFO  o.e.m.c.i.embedder.EclipseLogger - skip non existing resourceDirectory D:\Tai lieu hoc ki 2 nam 3\CSDL_NC\git\DUAN_NHOM3_CSDLNC\WebChiaSeHinhAnh\src\test\resources
2023-04-01 19:25:11,137 [Worker-2: Building] WARN  o.e.m.c.i.embedder.EclipseLogger - Using platform encoding (Cp1258 actually) to copy filtered resources, i.e. build is platform dependent!
2023-04-01 19:25:11,137 [Worker-2: Building] INFO  o.e.m.c.i.embedder.EclipseLogger - skip non existing resourceDirectory D:\Tai lieu hoc ki 2 nam 3\CSDL_NC\git\DUAN_NHOM3_CSDLNC\WebChiaSeHinhAnh\src\main\resources
2023-04-01 19:25:11,141 [Worker-2: Building] WARN  o.e.m.c.i.embedder.EclipseLogger - Using platform encoding (Cp1258 actually) to copy filtered resources, i.e. build is platform dependent!
2023-04-01 19:25:11,141 [Worker-2: Building] INFO  o.e.m.c.i.embedder.EclipseLogger - skip non existing resourceDirectory D:\Tai lieu hoc ki 2 nam 3\CSDL_NC\git\DUAN_NHOM3_CSDLNC\WebChiaSeHinhAnh\src\test\resources
2023-04-01 19:27:23,635 [Worker-34: Building] WARN  o.e.m.c.i.embedder.EclipseLogger - Using platform encoding (Cp1258 actually) to copy filtered resources, i.e. build is platform dependent!
2023-04-01 19:27:23,636 [Worker-34: Building] INFO  o.e.m.c.i.embedder.EclipseLogger - skip non existing resourceDirectory D:\Tai lieu hoc ki 2 nam 3\CSDL_NC\git\DUAN_NHOM3_CSDLNC\WebChiaSeHinhAnh\src\main\resources
2023-04-01 19:27:23,638 [Worker-34: Building] WARN  o.e.m.c.i.embedder.EclipseLogger - Using platform encoding (Cp1258 actually) to copy filtered resources, i.e. build is platform dependent!
2023-04-01 19:27:23,639 [Worker-34: Building] INFO  o.e.m.c.i.embedder.EclipseLogger - skip non existing resourceDirectory D:\Tai lieu hoc ki 2 nam 3\CSDL_NC\git\DUAN_NHOM3_CSDLNC\WebChiaSeHinhAnh\src\test\resources
2023-04-01 19:28:26,854 [Worker-7: Building] WARN  o.e.m.c.i.embedder.EclipseLogger - Using platform encoding (Cp1258 actually) to copy filtered resources, i.e. build is platform dependent!
2023-04-01 19:28:26,855 [Worker-7: Building] INFO  o.e.m.c.i.embedder.EclipseLogger - skip non existing resourceDirectory D:\Tai lieu hoc ki 2 nam 3\CSDL_NC\git\DUAN_NHOM3_CSDLNC\WebChiaSeHinhAnh\src\main\resources
2023-04-01 19:28:26,857 [Worker-7: Building] WARN  o.e.m.c.i.embedder.EclipseLogger - Using platform encoding (Cp1258 actually) to copy filtered resources, i.e. build is platform dependent!
2023-04-01 19:28:26,859 [Worker-7: Building] INFO  o.e.m.c.i.embedder.EclipseLogger - skip non existing resourceDirectory D:\Tai lieu hoc ki 2 nam 3\CSDL_NC\git\DUAN_NHOM3_CSDLNC\WebChiaSeHinhAnh\src\test\resources
2023-04-01 19:29:18,464 [Worker-35: Building] WARN  o.e.m.c.i.embedder.EclipseLogger - Using platform encoding (Cp1258 actually) to copy filtered resources, i.e. build is platform dependent!
2023-04-01 19:29:18,465 [Worker-35: Building] INFO  o.e.m.c.i.embedder.EclipseLogger - skip non existing resourceDirectory D:\Tai lieu hoc ki 2 nam 3\CSDL_NC\git\DUAN_NHOM3_CSDLNC\WebChiaSeHinhAnh\src\main\resources
2023-04-01 19:29:18,467 [Worker-35: Building] WARN  o.e.m.c.i.embedder.EclipseLogger - Using platform encoding (Cp1258 actually) to copy filtered resources, i.e. build is platform dependent!
2023-04-01 19:29:18,468 [Worker-35: Building] INFO  o.e.m.c.i.embedder.EclipseLogger - skip non existing resourceDirectory D:\Tai lieu hoc ki 2 nam 3\CSDL_NC\git\DUAN_NHOM3_CSDLNC\WebChiaSeHinhAnh\src\test\resources
2023-04-01 19:29:47,634 [Worker-24: Building] WARN  o.e.m.c.i.embedder.EclipseLogger - Using platform encoding (Cp1258 actually) to copy filtered resources, i.e. build is platform dependent!
2023-04-01 19:29:47,635 [Worker-24: Building] INFO  o.e.m.c.i.embedder.EclipseLogger - skip non existing resourceDirectory D:\Tai lieu hoc ki 2 nam 3\CSDL_NC\git\DUAN_NHOM3_CSDLNC\WebChiaSeHinhAnh\src\main\resources
2023-04-01 19:29:47,637 [Worker-24: Building] WARN  o.e.m.c.i.embedder.EclipseLogger - Using platform encoding (Cp1258 actually) to copy filtered resources, i.e. build is platform dependent!
2023-04-01 19:29:47,638 [Worker-24: Building] INFO  o.e.m.c.i.embedder.EclipseLogger - skip non existing resourceDirectory D:\Tai lieu hoc ki 2 nam 3\CSDL_NC\git\DUAN_NHOM3_CSDLNC\WebChiaSeHinhAnh\src\test\resources
2023-04-01 19:30:13,830 [Worker-7: Building] WARN  o.e.m.c.i.embedder.EclipseLogger - Using platform encoding (Cp1258 actually) to copy filtered resources, i.e. build is platform dependent!
2023-04-01 19:30:13,831 [Worker-7: Building] INFO  o.e.m.c.i.embedder.EclipseLogger - skip non existing resourceDirectory D:\Tai lieu hoc ki 2 nam 3\CSDL_NC\git\DUAN_NHOM3_CSDLNC\WebChiaSeHinhAnh\src\main\resources
2023-04-01 19:30:13,833 [Worker-7: Building] WARN  o.e.m.c.i.embedder.EclipseLogger - Using platform encoding (Cp1258 actually) to copy filtered resources, i.e. build is platform dependent!
2023-04-01 19:30:13,834 [Worker-7: Building] INFO  o.e.m.c.i.embedder.EclipseLogger - skip non existing resourceDirectory D:\Tai lieu hoc ki 2 nam 3\CSDL_NC\git\DUAN_NHOM3_CSDLNC\WebChiaSeHinhAnh\src\test\resources
2023-04-01 19:30:32,772 [Worker-31: Building] WARN  o.e.m.c.i.embedder.EclipseLogger - Using platform encoding (Cp1258 actually) to copy filtered resources, i.e. build is platform dependent!
2023-04-01 19:30:32,772 [Worker-31: Building] INFO  o.e.m.c.i.embedder.EclipseLogger - skip non existing resourceDirectory D:\Tai lieu hoc ki 2 nam 3\CSDL_NC\git\DUAN_NHOM3_CSDLNC\WebChiaSeHinhAnh\src\main\resources
2023-04-01 19:30:32,775 [Worker-31: Building] WARN  o.e.m.c.i.embedder.EclipseLogger - Using platform encoding (Cp1258 actually) to copy filtered resources, i.e. build is platform dependent!
2023-04-01 19:30:32,776 [Worker-31: Building] INFO  o.e.m.c.i.embedder.EclipseLogger - skip non existing resourceDirectory D:\Tai lieu hoc ki 2 nam 3\CSDL_NC\git\DUAN_NHOM3_CSDLNC\WebChiaSeHinhAnh\src\test\resources
2023-04-01 19:31:00,914 [Worker-24: Building] WARN  o.e.m.c.i.embedder.EclipseLogger - Using platform encoding (Cp1258 actually) to copy filtered resources, i.e. build is platform dependent!
2023-04-01 19:31:00,915 [Worker-24: Building] INFO  o.e.m.c.i.embedder.EclipseLogger - skip non existing resourceDirectory D:\Tai lieu hoc ki 2 nam 3\CSDL_NC\git\DUAN_NHOM3_CSDLNC\WebChiaSeHinhAnh\src\main\resources
2023-04-01 19:31:00,918 [Worker-24: Building] WARN  o.e.m.c.i.embedder.EclipseLogger - Using platform encoding (Cp1258 actually) to copy filtered resources, i.e. build is platform dependent!
2023-04-01 19:31:00,919 [Worker-24: Building] INFO  o.e.m.c.i.embedder.EclipseLogger - skip non existing resourceDirectory D:\Tai lieu hoc ki 2 nam 3\CSDL_NC\git\DUAN_NHOM3_CSDLNC\WebChiaSeHinhAnh\src\test\resources
2023-04-01 19:31:30,476 [Worker-35: Building] WARN  o.e.m.c.i.embedder.EclipseLogger - Using platform encoding (Cp1258 actually) to copy filtered resources, i.e. build is platform dependent!
2023-04-01 19:31:30,477 [Worker-35: Building] INFO  o.e.m.c.i.embedder.EclipseLogger - skip non existing resourceDirectory D:\Tai lieu hoc ki 2 nam 3\CSDL_NC\git\DUAN_NHOM3_CSDLNC\WebChiaSeHinhAnh\src\main\resources
2023-04-01 19:31:30,481 [Worker-35: Building] WARN  o.e.m.c.i.embedder.EclipseLogger - Using platform encoding (Cp1258 actually) to copy filtered resources, i.e. build is platform dependent!
2023-04-01 19:31:30,482 [Worker-35: Building] INFO  o.e.m.c.i.embedder.EclipseLogger - skip non existing resourceDirectory D:\Tai lieu hoc ki 2 nam 3\CSDL_NC\git\DUAN_NHOM3_CSDLNC\WebChiaSeHinhAnh\src\test\resources
2023-04-01 19:31:34,158 [Worker-22: Building] WARN  o.e.m.c.i.embedder.EclipseLogger - Using platform encoding (Cp1258 actually) to copy filtered resources, i.e. build is platform dependent!
2023-04-01 19:31:34,159 [Worker-22: Building] INFO  o.e.m.c.i.embedder.EclipseLogger - skip non existing resourceDirectory D:\Tai lieu hoc ki 2 nam 3\CSDL_NC\git\DUAN_NHOM3_CSDLNC\WebChiaSeHinhAnh\src\main\resources
2023-04-01 19:31:34,160 [Worker-22: Building] WARN  o.e.m.c.i.embedder.EclipseLogger - Using platform encoding (Cp1258 actually) to copy filtered resources, i.e. build is platform dependent!
2023-04-01 19:31:34,161 [Worker-22: Building] INFO  o.e.m.c.i.embedder.EclipseLogger - skip non existing resourceDirectory D:\Tai lieu hoc ki 2 nam 3\CSDL_NC\git\DUAN_NHOM3_CSDLNC\WebChiaSeHinhAnh\src\test\resources
2023-04-01 19:31:44,026 [Worker-22: Building] WARN  o.e.m.c.i.embedder.EclipseLogger - Using platform encoding (Cp1258 actually) to copy filtered resources, i.e. build is platform dependent!
2023-04-01 19:31:44,027 [Worker-22: Building] INFO  o.e.m.c.i.embedder.EclipseLogger - skip non existing resourceDirectory D:\Tai lieu hoc ki 2 nam 3\CSDL_NC\git\DUAN_NHOM3_CSDLNC\WebChiaSeHinhAnh\src\main\resources
2023-04-01 19:31:44,029 [Worker-22: Building] WARN  o.e.m.c.i.embedder.EclipseLogger - Using platform encoding (Cp1258 actually) to copy filtered resources, i.e. build is platform dependent!
2023-04-01 19:31:44,031 [Worker-22: Building] INFO  o.e.m.c.i.embedder.EclipseLogger - skip non existing resourceDirectory D:\Tai lieu hoc ki 2 nam 3\CSDL_NC\git\DUAN_NHOM3_CSDLNC\WebChiaSeHinhAnh\src\test\resources
2023-04-01 19:31:47,269 [Worker-6: Building] WARN  o.e.m.c.i.embedder.EclipseLogger - Using platform encoding (Cp1258 actually) to copy filtered resources, i.e. build is platform dependent!
2023-04-01 19:31:47,270 [Worker-6: Building] INFO  o.e.m.c.i.embedder.EclipseLogger - skip non existing resourceDirectory D:\Tai lieu hoc ki 2 nam 3\CSDL_NC\git\DUAN_NHOM3_CSDLNC\WebChiaSeHinhAnh\src\main\resources
2023-04-01 19:31:47,271 [Worker-6: Building] WARN  o.e.m.c.i.embedder.EclipseLogger - Using platform encoding (Cp1258 actually) to copy filtered resources, i.e. build is platform dependent!
2023-04-01 19:31:47,272 [Worker-6: Building] INFO  o.e.m.c.i.embedder.EclipseLogger - skip non existing resourceDirectory D:\Tai lieu hoc ki 2 nam 3\CSDL_NC\git\DUAN_NHOM3_CSDLNC\WebChiaSeHinhAnh\src\test\resources
2023-04-01 19:32:21,797 [Worker-13: Building] WARN  o.e.m.c.i.embedder.EclipseLogger - Using platform encoding (Cp1258 actually) to copy filtered resources, i.e. build is platform dependent!
2023-04-01 19:32:21,798 [Worker-13: Building] INFO  o.e.m.c.i.embedder.EclipseLogger - skip non existing resourceDirectory D:\Tai lieu hoc ki 2 nam 3\CSDL_NC\git\DUAN_NHOM3_CSDLNC\WebChiaSeHinhAnh\src\main\resources
2023-04-01 19:32:21,800 [Worker-13: Building] WARN  o.e.m.c.i.embedder.EclipseLogger - Using platform encoding (Cp1258 actually) to copy filtered resources, i.e. build is platform dependent!
2023-04-01 19:32:21,802 [Worker-13: Building] INFO  o.e.m.c.i.embedder.EclipseLogger - skip non existing resourceDirectory D:\Tai lieu hoc ki 2 nam 3\CSDL_NC\git\DUAN_NHOM3_CSDLNC\WebChiaSeHinhAnh\src\test\resources
2023-04-02 22:27:42,024 [Worker-7: Loading available Gradle versions] INFO  o.e.b.c.i.u.g.PublishedGradleVersions - Gradle version information cache is out-of-date. Trying to update.
2023-04-02 22:27:53,195 [Worker-10: Building] WARN  o.e.m.c.i.embedder.EclipseLogger - Using platform encoding (Cp1258 actually) to copy filtered resources, i.e. build is platform dependent!
2023-04-02 22:27:53,200 [Worker-10: Building] INFO  o.e.m.c.i.embedder.EclipseLogger - skip non existing resourceDirectory D:\Tai lieu hoc ki 2 nam 3\CSDL_NC\git\DUAN_NHOM3_CSDLNC\WebChiaSeHinhAnh\src\main\resources
2023-04-02 22:27:53,208 [Worker-10: Building] WARN  o.e.m.c.i.embedder.EclipseLogger - Using platform encoding (Cp1258 actually) to copy filtered resources, i.e. build is platform dependent!
2023-04-02 22:27:53,209 [Worker-10: Building] INFO  o.e.m.c.i.embedder.EclipseLogger - skip non existing resourceDirectory D:\Tai lieu hoc ki 2 nam 3\CSDL_NC\git\DUAN_NHOM3_CSDLNC\WebChiaSeHinhAnh\src\test\resources
2023-04-02 22:27:58,079 [Worker-5: Building] WARN  o.e.m.c.i.embedder.EclipseLogger - Using platform encoding (Cp1258 actually) to copy filtered resources, i.e. build is platform dependent!
2023-04-02 22:27:58,080 [Worker-5: Building] INFO  o.e.m.c.i.embedder.EclipseLogger - skip non existing resourceDirectory D:\Tai lieu hoc ki 2 nam 3\CSDL_NC\git\DUAN_NHOM3_CSDLNC\WebChiaSeHinhAnh\src\main\resources
2023-04-02 22:27:58,084 [Worker-5: Building] WARN  o.e.m.c.i.embedder.EclipseLogger - Using platform encoding (Cp1258 actually) to copy filtered resources, i.e. build is platform dependent!
2023-04-02 22:27:58,085 [Worker-5: Building] INFO  o.e.m.c.i.embedder.EclipseLogger - skip non existing resourceDirectory D:\Tai lieu hoc ki 2 nam 3\CSDL_NC\git\DUAN_NHOM3_CSDLNC\WebChiaSeHinhAnh\src\test\resources
2023-04-02 22:29:42,781 [Worker-19: Building] WARN  o.e.m.c.i.embedder.EclipseLogger - Using platform encoding (Cp1258 actually) to copy filtered resources, i.e. build is platform dependent!
2023-04-02 22:29:42,784 [Worker-19: Building] INFO  o.e.m.c.i.embedder.EclipseLogger - skip non existing resourceDirectory D:\Tai lieu hoc ki 2 nam 3\CSDL_NC\git\DUAN_NHOM3_CSDLNC\WebChiaSeHinhAnh\src\main\resources
2023-04-02 22:29:42,789 [Worker-19: Building] WARN  o.e.m.c.i.embedder.EclipseLogger - Using platform encoding (Cp1258 actually) to copy filtered resources, i.e. build is platform dependent!
2023-04-02 22:29:42,791 [Worker-19: Building] INFO  o.e.m.c.i.embedder.EclipseLogger - skip non existing resourceDirectory D:\Tai lieu hoc ki 2 nam 3\CSDL_NC\git\DUAN_NHOM3_CSDLNC\WebChiaSeHinhAnh\src\test\resources
2023-04-02 22:29:43,835 [Worker-6: Building] WARN  o.e.m.c.i.embedder.EclipseLogger - Using platform encoding (Cp1258 actually) to copy filtered resources, i.e. build is platform dependent!
2023-04-02 22:29:43,836 [Worker-6: Building] INFO  o.e.m.c.i.embedder.EclipseLogger - skip non existing resourceDirectory D:\Tai lieu hoc ki 2 nam 3\CSDL_NC\git\DUAN_NHOM3_CSDLNC\WebChiaSeHinhAnh\src\main\resources
2023-04-02 22:29:43,841 [Worker-6: Building] WARN  o.e.m.c.i.embedder.EclipseLogger - Using platform encoding (Cp1258 actually) to copy filtered resources, i.e. build is platform dependent!
2023-04-02 22:29:43,842 [Worker-6: Building] INFO  o.e.m.c.i.embedder.EclipseLogger - skip non existing resourceDirectory D:\Tai lieu hoc ki 2 nam 3\CSDL_NC\git\DUAN_NHOM3_CSDLNC\WebChiaSeHinhAnh\src\test\resources
2023-04-02 22:29:48,352 [Worker-37: Building] WARN  o.e.m.c.i.embedder.EclipseLogger - Using platform encoding (Cp1258 actually) to copy filtered resources, i.e. build is platform dependent!
2023-04-02 22:29:48,354 [Worker-37: Building] INFO  o.e.m.c.i.embedder.EclipseLogger - skip non existing resourceDirectory D:\Tai lieu hoc ki 2 nam 3\CSDL_NC\git\DUAN_NHOM3_CSDLNC\WebChiaSeHinhAnh\src\main\resources
2023-04-02 22:29:48,358 [Worker-37: Building] WARN  o.e.m.c.i.embedder.EclipseLogger - Using platform encoding (Cp1258 actually) to copy filtered resources, i.e. build is platform dependent!
2023-04-02 22:29:48,359 [Worker-37: Building] INFO  o.e.m.c.i.embedder.EclipseLogger - skip non existing resourceDirectory D:\Tai lieu hoc ki 2 nam 3\CSDL_NC\git\DUAN_NHOM3_CSDLNC\WebChiaSeHinhAnh\src\test\resources
2023-04-02 22:29:50,333 [Worker-29: Building] WARN  o.e.m.c.i.embedder.EclipseLogger - Using platform encoding (Cp1258 actually) to copy filtered resources, i.e. build is platform dependent!
2023-04-02 22:29:50,336 [Worker-29: Building] INFO  o.e.m.c.i.embedder.EclipseLogger - skip non existing resourceDirectory D:\Tai lieu hoc ki 2 nam 3\CSDL_NC\git\DUAN_NHOM3_CSDLNC\WebChiaSeHinhAnh\src\main\resources
2023-04-02 22:29:50,341 [Worker-29: Building] WARN  o.e.m.c.i.embedder.EclipseLogger - Using platform encoding (Cp1258 actually) to copy filtered resources, i.e. build is platform dependent!
2023-04-02 22:29:50,343 [Worker-29: Building] INFO  o.e.m.c.i.embedder.EclipseLogger - skip non existing resourceDirectory D:\Tai lieu hoc ki 2 nam 3\CSDL_NC\git\DUAN_NHOM3_CSDLNC\WebChiaSeHinhAnh\src\test\resources
2023-04-02 22:32:51,719 [Worker-40: Building] WARN  o.e.m.c.i.embedder.EclipseLogger - Using platform encoding (Cp1258 actually) to copy filtered resources, i.e. build is platform dependent!
2023-04-02 22:32:51,720 [Worker-40: Building] INFO  o.e.m.c.i.embedder.EclipseLogger - skip non existing resourceDirectory D:\Tai lieu hoc ki 2 nam 3\CSDL_NC\git\DUAN_NHOM3_CSDLNC\WebChiaSeHinhAnh\src\main\resources
2023-04-02 22:32:51,722 [Worker-40: Building] WARN  o.e.m.c.i.embedder.EclipseLogger - Using platform encoding (Cp1258 actually) to copy filtered resources, i.e. build is platform dependent!
2023-04-02 22:32:51,724 [Worker-40: Building] INFO  o.e.m.c.i.embedder.EclipseLogger - skip non existing resourceDirectory D:\Tai lieu hoc ki 2 nam 3\CSDL_NC\git\DUAN_NHOM3_CSDLNC\WebChiaSeHinhAnh\src\test\resources
